{"/home/travis/build/npmtest/node-npmtest-generator-wordpress/test.js":{"path":"/home/travis/build/npmtest/node-npmtest-generator-wordpress/test.js","s":{"1":2,"2":2,"3":2,"4":2,"5":2,"6":2,"7":2,"8":1,"9":2,"10":2,"11":1,"12":1,"13":1,"14":1,"15":2,"16":2,"17":2,"18":2,"19":1,"20":1,"21":2,"22":2,"23":2,"24":1,"25":1,"26":1,"27":1,"28":1,"29":1,"30":1,"31":1,"32":1,"33":1,"34":1,"35":1,"36":1,"37":1,"38":1,"39":2,"40":2,"41":1,"42":2,"43":2,"44":1,"45":2,"46":2,"47":1,"48":2,"49":2,"50":1,"51":1,"52":1,"53":1,"54":1},"b":{"1":[2,1,1,1],"2":[1,1,1,1],"3":[1,1],"4":[1,1],"5":[1,1],"6":[1,1],"7":[1,1],"8":[1,1],"9":[1,1],"10":[1,1,1],"11":[1,1],"12":[1,1],"13":[1,1],"14":[1,1],"15":[1,1],"16":[1,1],"17":[1,1]},"f":{"1":2,"2":2,"3":2,"4":2,"5":2,"6":1,"7":1,"8":1,"9":2,"10":2,"11":2,"12":2,"13":1},"fnMap":{"1":{"name":"(anonymous_1)","line":12,"loc":{"start":{"line":12,"column":1},"end":{"line":12,"column":13}}},"2":{"name":"(anonymous_2)","line":19,"loc":{"start":{"line":19,"column":5},"end":{"line":19,"column":17}}},"3":{"name":"(anonymous_3)","line":23,"loc":{"start":{"line":23,"column":24},"end":{"line":23,"column":36}}},"4":{"name":"(anonymous_4)","line":61,"loc":{"start":{"line":61,"column":5},"end":{"line":61,"column":17}}},"5":{"name":"(anonymous_5)","line":82,"loc":{"start":{"line":82,"column":5},"end":{"line":82,"column":17}}},"6":{"name":"(anonymous_6)","line":91,"loc":{"start":{"line":91,"column":77},"end":{"line":94,"column":10}}},"7":{"name":"(anonymous_7)","line":112,"loc":{"start":{"line":112,"column":83},"end":{"line":115,"column":10}},"skip":true},"8":{"name":"(anonymous_8)","line":123,"loc":{"start":{"line":123,"column":77},"end":{"line":126,"column":10}},"skip":true},"9":{"name":"(anonymous_9)","line":139,"loc":{"start":{"line":139,"column":12},"end":{"line":139,"column":40}},"skip":true},"10":{"name":"(anonymous_10)","line":147,"loc":{"start":{"line":147,"column":77},"end":{"line":150,"column":10}},"skip":true},"11":{"name":"(anonymous_11)","line":158,"loc":{"start":{"line":158,"column":83},"end":{"line":161,"column":10}},"skip":true},"12":{"name":"(anonymous_12)","line":169,"loc":{"start":{"line":169,"column":79},"end":{"line":172,"column":10}},"skip":true},"13":{"name":"(anonymous_13)","line":180,"loc":{"start":{"line":180,"column":75},"end":{"line":183,"column":10}},"skip":true}},"statementMap":{"1":{"start":{"line":12,"column":0},"end":{"line":195,"column":5}},"2":{"start":{"line":14,"column":4},"end":{"line":14,"column":14}},"3":{"start":{"line":19,"column":4},"end":{"line":56,"column":9}},"4":{"start":{"line":21,"column":8},"end":{"line":21,"column":19}},"5":{"start":{"line":23,"column":8},"end":{"line":35,"column":13}},"6":{"start":{"line":24,"column":12},"end":{"line":34,"column":13}},"7":{"start":{"line":25,"column":16},"end":{"line":28,"column":30}},"8":{"start":{"line":30,"column":16},"end":{"line":33,"column":27}},"9":{"start":{"line":37,"column":8},"end":{"line":39,"column":21}},"10":{"start":{"line":40,"column":8},"end":{"line":53,"column":9}},"11":{"start":{"line":43,"column":12},"end":{"line":46,"column":14}},"12":{"start":{"line":47,"column":12},"end":{"line":47,"column":18}},"13":{"start":{"line":50,"column":12},"end":{"line":51,"column":33}},"14":{"start":{"line":52,"column":12},"end":{"line":52,"column":18}},"15":{"start":{"line":55,"column":8},"end":{"line":55,"column":35}},"16":{"start":{"line":61,"column":4},"end":{"line":63,"column":9}},"17":{"start":{"line":62,"column":8},"end":{"line":62,"column":15}},"18":{"start":{"line":64,"column":4},"end":{"line":77,"column":5}},"19":{"start":{"line":70,"column":8},"end":{"line":70,"column":14}},"20":{"start":{"line":76,"column":8},"end":{"line":76,"column":14}},"21":{"start":{"line":82,"column":4},"end":{"line":84,"column":9}},"22":{"start":{"line":83,"column":8},"end":{"line":83,"column":15}},"23":{"start":{"line":85,"column":4},"end":{"line":194,"column":5}},"24":{"start":{"line":91,"column":8},"end":{"line":99,"column":10}},"25":{"start":{"line":98,"column":12},"end":{"line":98,"column":35}},"26":{"start":{"line":102,"column":8},"end":{"line":104,"column":63}},"27":{"start":{"line":105,"column":8},"end":{"line":105,"column":14}},"28":{"start":{"line":112,"column":8},"end":{"line":121,"column":10},"skip":true},"29":{"start":{"line":119,"column":12},"end":{"line":119,"column":55},"skip":true},"30":{"start":{"line":120,"column":12},"end":{"line":120,"column":48},"skip":true},"31":{"start":{"line":123,"column":8},"end":{"line":136,"column":10},"skip":true},"32":{"start":{"line":130,"column":12},"end":{"line":130,"column":76},"skip":true},"33":{"start":{"line":131,"column":12},"end":{"line":131,"column":73},"skip":true},"34":{"start":{"line":132,"column":12},"end":{"line":132,"column":74},"skip":true},"35":{"start":{"line":133,"column":12},"end":{"line":133,"column":79},"skip":true},"36":{"start":{"line":134,"column":12},"end":{"line":134,"column":25},"skip":true},"37":{"start":{"line":135,"column":12},"end":{"line":135,"column":45},"skip":true},"38":{"start":{"line":138,"column":8},"end":{"line":145,"column":14},"skip":true},"39":{"start":{"line":143,"column":16},"end":{"line":143,"column":29},"skip":true},"40":{"start":{"line":144,"column":16},"end":{"line":144,"column":55},"skip":true},"41":{"start":{"line":147,"column":8},"end":{"line":156,"column":10},"skip":true},"42":{"start":{"line":154,"column":12},"end":{"line":154,"column":25},"skip":true},"43":{"start":{"line":155,"column":12},"end":{"line":155,"column":45},"skip":true},"44":{"start":{"line":158,"column":8},"end":{"line":167,"column":10},"skip":true},"45":{"start":{"line":165,"column":12},"end":{"line":165,"column":25},"skip":true},"46":{"start":{"line":166,"column":12},"end":{"line":166,"column":48},"skip":true},"47":{"start":{"line":169,"column":8},"end":{"line":178,"column":10},"skip":true},"48":{"start":{"line":176,"column":12},"end":{"line":176,"column":25},"skip":true},"49":{"start":{"line":177,"column":12},"end":{"line":177,"column":46},"skip":true},"50":{"start":{"line":180,"column":8},"end":{"line":189,"column":10},"skip":true},"51":{"start":{"line":187,"column":12},"end":{"line":187,"column":94},"skip":true},"52":{"start":{"line":188,"column":12},"end":{"line":188,"column":48},"skip":true},"53":{"start":{"line":192,"column":8},"end":{"line":192,"column":35},"skip":true},"54":{"start":{"line":193,"column":8},"end":{"line":193,"column":14},"skip":true}},"branchMap":{"1":{"line":25,"type":"binary-expr","locations":[{"start":{"line":25,"column":23},"end":{"line":25,"column":62}},{"start":{"line":26,"column":20},"end":{"line":26,"column":70}},{"start":{"line":27,"column":20},"end":{"line":27,"column":71}},{"start":{"line":28,"column":20},"end":{"line":28,"column":29}}]},"2":{"line":30,"type":"binary-expr","locations":[{"start":{"line":30,"column":23},"end":{"line":30,"column":37}},{"start":{"line":31,"column":20},"end":{"line":31,"column":61}},{"start":{"line":32,"column":20},"end":{"line":32,"column":70}},{"start":{"line":33,"column":20},"end":{"line":33,"column":26}}]},"3":{"line":37,"type":"cond-expr","locations":[{"start":{"line":38,"column":14},"end":{"line":38,"column":20}},{"start":{"line":39,"column":14},"end":{"line":39,"column":20}}]},"4":{"line":40,"type":"switch","locations":[{"start":{"line":42,"column":8},"end":{"line":47,"column":18}},{"start":{"line":49,"column":8},"end":{"line":52,"column":18}}]},"5":{"line":44,"type":"binary-expr","locations":[{"start":{"line":44,"column":16},"end":{"line":44,"column":44}},{"start":{"line":44,"column":48},"end":{"line":44,"column":66}}]},"6":{"line":50,"type":"binary-expr","locations":[{"start":{"line":50,"column":21},"end":{"line":50,"column":49}},{"start":{"line":50,"column":53},"end":{"line":50,"column":72}}]},"7":{"line":64,"type":"switch","locations":[{"start":{"line":69,"column":4},"end":{"line":70,"column":14}},{"start":{"line":75,"column":4},"end":{"line":76,"column":14}}]},"8":{"line":85,"type":"switch","locations":[{"start":{"line":90,"column":4},"end":{"line":105,"column":14}},{"start":{"line":111,"column":4},"end":{"line":193,"column":14},"skip":true}]},"9":{"line":91,"type":"binary-expr","locations":[{"start":{"line":91,"column":42},"end":{"line":91,"column":73}},{"start":{"line":91,"column":77},"end":{"line":99,"column":9}}]},"10":{"line":102,"type":"binary-expr","locations":[{"start":{"line":102,"column":18},"end":{"line":102,"column":32}},{"start":{"line":103,"column":12},"end":{"line":103,"column":53}},{"start":{"line":104,"column":12},"end":{"line":104,"column":61}}]},"11":{"line":112,"type":"binary-expr","locations":[{"start":{"line":112,"column":45},"end":{"line":112,"column":79},"skip":true},{"start":{"line":112,"column":83},"end":{"line":121,"column":9},"skip":true}]},"12":{"line":123,"type":"binary-expr","locations":[{"start":{"line":123,"column":42},"end":{"line":123,"column":73},"skip":true},{"start":{"line":123,"column":77},"end":{"line":136,"column":9},"skip":true}]},"13":{"line":138,"type":"binary-expr","locations":[{"start":{"line":138,"column":48},"end":{"line":138,"column":85},"skip":true},{"start":{"line":139,"column":12},"end":{"line":145,"column":13},"skip":true}]},"14":{"line":147,"type":"binary-expr","locations":[{"start":{"line":147,"column":42},"end":{"line":147,"column":73},"skip":true},{"start":{"line":147,"column":77},"end":{"line":156,"column":9},"skip":true}]},"15":{"line":158,"type":"binary-expr","locations":[{"start":{"line":158,"column":45},"end":{"line":158,"column":79},"skip":true},{"start":{"line":158,"column":83},"end":{"line":167,"column":9},"skip":true}]},"16":{"line":169,"type":"binary-expr","locations":[{"start":{"line":169,"column":43},"end":{"line":169,"column":75},"skip":true},{"start":{"line":169,"column":79},"end":{"line":178,"column":9},"skip":true}]},"17":{"line":180,"type":"binary-expr","locations":[{"start":{"line":180,"column":41},"end":{"line":180,"column":71},"skip":true},{"start":{"line":180,"column":75},"end":{"line":189,"column":9},"skip":true}]}},"code":["/* istanbul instrument in package npmtest_generator_wordpress */","/*jslint","    bitwise: true,","    browser: true,","    maxerr: 8,","    maxlen: 96,","    node: true,","    nomen: true,","    regexp: true,","    stupid: true","*/","(function () {","    'use strict';","    var local;","","","","    // run shared js-env code - init-before","    (function () {","        // init local","        local = {};","        // init modeJs","        local.modeJs = (function () {","            try {","                return typeof navigator.userAgent === 'string' &&","                    typeof document.querySelector('body') === 'object' &&","                    typeof XMLHttpRequest.prototype.open === 'function' &&","                    'browser';","            } catch (errorCaughtBrowser) {","                return module.exports &&","                    typeof process.versions.node === 'string' &&","                    typeof require('http').createServer === 'function' &&","                    'node';","            }","        }());","        // init global","        local.global = local.modeJs === 'browser'","            ? window","            : global;","        switch (local.modeJs) {","        // re-init local from window.local","        case 'browser':","            local = local.global.utility2.objectSetDefault(","                local.global.utility2_rollup || local.global.local,","                local.global.utility2","            );","            break;","        // re-init local from example.js","        case 'node':","            local = (local.global.utility2_rollup || require('utility2'))","                .requireReadme();","            break;","        }","        // export local","        local.global.local = local;","    }());","","","","    // run shared js-env code - function","    (function () {","        return;","    }());","    switch (local.modeJs) {","","","","    // run browser js-env code - function","    case 'browser':","        break;","","","","    // run node js-env code - function","    case 'node':","        break;","    }","","","","    // run shared js-env code - init-after","    (function () {","        return;","    }());","    switch (local.modeJs) {","","","","    // run browser js-env code - init-after","    case 'browser':","        local.testCase_browser_nullCase = local.testCase_browser_nullCase || function (","            options,","            onError","        ) {","        /*","         * this function will test browsers's null-case handling-behavior-behavior","         */","            onError(null, options);","        };","","        // run tests","        local.nop(local.modeTest &&","            document.querySelector('#testRunButton1') &&","            document.querySelector('#testRunButton1').click());","        break;","","","","    // run node js-env code - init-after","    /* istanbul ignore next */","    case 'node':","        local.testCase_buildApidoc_default = local.testCase_buildApidoc_default || function (","            options,","            onError","        ) {","        /*","         * this function will test buildApidoc's default handling-behavior-behavior","         */","            options = { modulePathList: module.paths };","            local.buildApidoc(options, onError);","        };","","        local.testCase_buildApp_default = local.testCase_buildApp_default || function (","            options,","            onError","        ) {","        /*","         * this function will test buildApp's default handling-behavior-behavior","         */","            local.testCase_buildReadme_default(options, local.onErrorThrow);","            local.testCase_buildLib_default(options, local.onErrorThrow);","            local.testCase_buildTest_default(options, local.onErrorThrow);","            local.testCase_buildCustomOrg_default(options, local.onErrorThrow);","            options = [];","            local.buildApp(options, onError);","        };","","        local.testCase_buildCustomOrg_default = local.testCase_buildCustomOrg_default ||","            function (options, onError) {","            /*","             * this function will test buildCustomOrg's default handling-behavior","             */","                options = {};","                local.buildCustomOrg(options, onError);","            };","","        local.testCase_buildLib_default = local.testCase_buildLib_default || function (","            options,","            onError","        ) {","        /*","         * this function will test buildLib's default handling-behavior","         */","            options = {};","            local.buildLib(options, onError);","        };","","        local.testCase_buildReadme_default = local.testCase_buildReadme_default || function (","            options,","            onError","        ) {","        /*","         * this function will test buildReadme's default handling-behavior-behavior","         */","            options = {};","            local.buildReadme(options, onError);","        };","","        local.testCase_buildTest_default = local.testCase_buildTest_default || function (","            options,","            onError","        ) {","        /*","         * this function will test buildTest's default handling-behavior","         */","            options = {};","            local.buildTest(options, onError);","        };","","        local.testCase_webpage_default = local.testCase_webpage_default || function (","            options,","            onError","        ) {","        /*","         * this function will test webpage's default handling-behavior","         */","            options = { modeCoverageMerge: true, url: local.serverLocalHost + '?modeTest=1' };","            local.browserTest(options, onError);","        };","","        // run test-server","        local.testRunServer(local);","        break;","    }","}());",""],"l":{"12":2,"14":2,"19":2,"21":2,"23":2,"24":2,"25":2,"30":1,"37":2,"40":2,"43":1,"47":1,"50":1,"52":1,"55":2,"61":2,"62":2,"64":2,"70":1,"76":1,"82":2,"83":2,"85":2,"91":1,"98":1,"102":1,"105":1,"112":1,"119":1,"120":1,"123":1,"130":1,"131":1,"132":1,"133":1,"134":1,"135":1,"138":1,"143":2,"144":2,"147":1,"154":2,"155":2,"158":1,"165":2,"166":2,"169":1,"176":2,"177":2,"180":1,"187":1,"188":1,"192":1,"193":1}},"/home/travis/build/npmtest/node-npmtest-generator-wordpress/lib.npmtest_generator_wordpress.js":{"path":"/home/travis/build/npmtest/node-npmtest-generator-wordpress/lib.npmtest_generator_wordpress.js","s":{"1":2,"2":2,"3":2,"4":2,"5":2,"6":2,"7":2,"8":1,"9":2,"10":2,"11":2,"12":2,"13":1,"14":1,"15":1,"16":1},"b":{"1":[2,1,1,1],"2":[1,1,1,1],"3":[1,1],"4":[2,2],"5":[1,1]},"f":{"1":2,"2":2,"3":2},"fnMap":{"1":{"name":"(anonymous_1)","line":12,"loc":{"start":{"line":12,"column":1},"end":{"line":12,"column":13}}},"2":{"name":"(anonymous_2)","line":19,"loc":{"start":{"line":19,"column":5},"end":{"line":19,"column":17}}},"3":{"name":"(anonymous_3)","line":23,"loc":{"start":{"line":23,"column":24},"end":{"line":23,"column":36}}}},"statementMap":{"1":{"start":{"line":12,"column":0},"end":{"line":53,"column":5}},"2":{"start":{"line":14,"column":4},"end":{"line":14,"column":14}},"3":{"start":{"line":19,"column":4},"end":{"line":52,"column":9}},"4":{"start":{"line":21,"column":8},"end":{"line":21,"column":19}},"5":{"start":{"line":23,"column":8},"end":{"line":35,"column":13}},"6":{"start":{"line":24,"column":12},"end":{"line":34,"column":13}},"7":{"start":{"line":25,"column":16},"end":{"line":28,"column":30}},"8":{"start":{"line":30,"column":16},"end":{"line":33,"column":27}},"9":{"start":{"line":37,"column":8},"end":{"line":39,"column":21}},"10":{"start":{"line":41,"column":8},"end":{"line":41,"column":54}},"11":{"start":{"line":43,"column":8},"end":{"line":43,"column":64}},"12":{"start":{"line":45,"column":8},"end":{"line":51,"column":9}},"13":{"start":{"line":46,"column":12},"end":{"line":46,"column":70}},"14":{"start":{"line":48,"column":12},"end":{"line":48,"column":35}},"15":{"start":{"line":49,"column":12},"end":{"line":49,"column":49}},"16":{"start":{"line":50,"column":12},"end":{"line":50,"column":43}}},"branchMap":{"1":{"line":25,"type":"binary-expr","locations":[{"start":{"line":25,"column":23},"end":{"line":25,"column":62}},{"start":{"line":26,"column":20},"end":{"line":26,"column":70}},{"start":{"line":27,"column":20},"end":{"line":27,"column":71}},{"start":{"line":28,"column":20},"end":{"line":28,"column":29}}]},"2":{"line":30,"type":"binary-expr","locations":[{"start":{"line":30,"column":23},"end":{"line":30,"column":37}},{"start":{"line":31,"column":20},"end":{"line":31,"column":61}},{"start":{"line":32,"column":20},"end":{"line":32,"column":70}},{"start":{"line":33,"column":20},"end":{"line":33,"column":26}}]},"3":{"line":37,"type":"cond-expr","locations":[{"start":{"line":38,"column":14},"end":{"line":38,"column":20}},{"start":{"line":39,"column":14},"end":{"line":39,"column":20}}]},"4":{"line":41,"type":"binary-expr","locations":[{"start":{"line":41,"column":16},"end":{"line":41,"column":44}},{"start":{"line":41,"column":48},"end":{"line":41,"column":53}}]},"5":{"line":45,"type":"if","locations":[{"start":{"line":45,"column":8},"end":{"line":45,"column":8}},{"start":{"line":45,"column":8},"end":{"line":45,"column":8}}]}},"code":["/* istanbul instrument in package npmtest_generator_wordpress */","/*jslint","    bitwise: true,","    browser: true,","    maxerr: 8,","    maxlen: 96,","    node: true,","    nomen: true,","    regexp: true,","    stupid: true","*/","(function () {","    'use strict';","    var local;","","","","    // run shared js-env code - init-before","    (function () {","        // init local","        local = {};","        // init modeJs","        local.modeJs = (function () {","            try {","                return typeof navigator.userAgent === 'string' &&","                    typeof document.querySelector('body') === 'object' &&","                    typeof XMLHttpRequest.prototype.open === 'function' &&","                    'browser';","            } catch (errorCaughtBrowser) {","                return module.exports &&","                    typeof process.versions.node === 'string' &&","                    typeof require('http').createServer === 'function' &&","                    'node';","            }","        }());","        // init global","        local.global = local.modeJs === 'browser'","            ? window","            : global;","        // init utility2_rollup","        local = local.global.utility2_rollup || local;","        // init lib","        local.local = local.npmtest_generator_wordpress = local;","        // init exports","        if (local.modeJs === 'browser') {","            local.global.utility2_npmtest_generator_wordpress = local;","        } else {","            module.exports = local;","            module.exports.__dirname = __dirname;","            module.exports.module = module;","        }","    }());","}());",""],"l":{"12":2,"14":2,"19":2,"21":2,"23":2,"24":2,"25":2,"30":1,"37":2,"41":2,"43":2,"45":2,"46":1,"48":1,"49":1,"50":1}},"/home/travis/build/npmtest/node-npmtest-generator-wordpress/example.js":{"path":"/home/travis/build/npmtest/node-npmtest-generator-wordpress/example.js","s":{"1":2,"2":2,"3":2,"4":2,"5":2,"6":2,"7":2,"8":1,"9":2,"10":2,"11":2,"12":2,"13":1,"14":2,"15":2,"16":2,"17":2,"18":2,"19":0,"20":2,"21":1,"22":1,"23":1,"24":1,"25":1,"26":0,"27":0,"28":1,"29":1,"30":2,"31":0,"32":0,"33":0,"34":1,"35":2,"36":2,"37":3,"38":3,"39":3,"40":3,"41":0,"42":3,"43":3,"44":3,"45":1,"46":3,"47":1,"48":1,"49":1,"50":1,"51":1,"52":1,"53":1,"54":1,"55":1,"56":1,"57":0,"58":1,"59":6,"60":6,"61":1,"62":2,"63":0,"64":2,"65":1,"66":1,"67":0,"68":0,"69":0,"70":0,"71":0,"72":0,"73":0,"74":0,"75":0,"76":0,"77":0,"78":0,"79":0,"80":0,"81":0,"82":0,"83":0},"b":{"1":[2,1,1,1],"2":[1,1,1,1],"3":[1,1],"4":[2,2],"5":[1,1],"6":[1,1],"7":[2,0],"8":[2,1,1,1,1,1],"9":[0,2,0],"10":[1,1],"11":[2,1,1],"12":[1,0],"13":[0,2],"14":[2,0,0,0,0,0,0],"15":[0,3],"16":[3,0],"17":[1,1],"18":[0,1],"19":[1,2,0,2],"20":[1,0],"21":[1,1],"22":[0,0],"23":[0,0],"24":[0,0],"25":[0,0],"26":[0,0],"27":[0,0],"28":[0,0]},"f":{"1":2,"2":2,"3":2,"4":2,"5":2,"6":2,"7":3,"8":3,"9":3,"10":1,"11":6,"12":0},"fnMap":{"1":{"name":"(anonymous_1)","line":26,"loc":{"start":{"line":26,"column":1},"end":{"line":26,"column":13}}},"2":{"name":"(anonymous_2)","line":33,"loc":{"start":{"line":33,"column":5},"end":{"line":33,"column":17}}},"3":{"name":"(anonymous_3)","line":37,"loc":{"start":{"line":37,"column":24},"end":{"line":37,"column":36}}},"4":{"name":"(anonymous_4)","line":69,"loc":{"start":{"line":69,"column":31},"end":{"line":69,"column":48}},"skip":true},"5":{"name":"(anonymous_5)","line":78,"loc":{"start":{"line":78,"column":26},"end":{"line":78,"column":45}},"skip":true},"6":{"name":"(anonymous_6)","line":123,"loc":{"start":{"line":123,"column":33},"end":{"line":123,"column":48}},"skip":true},"7":{"name":"(anonymous_7)","line":125,"loc":{"start":{"line":125,"column":27},"end":{"line":125,"column":39}},"skip":true},"8":{"name":"(anonymous_8)","line":133,"loc":{"start":{"line":133,"column":59},"end":{"line":133,"column":74}},"skip":true},"9":{"name":"(anonymous_9)","line":143,"loc":{"start":{"line":143,"column":45},"end":{"line":143,"column":62}},"skip":true},"10":{"name":"(anonymous_10)","line":144,"loc":{"start":{"line":144,"column":73},"end":{"line":144,"column":92}},"skip":true},"11":{"name":"(anonymous_11)","line":272,"loc":{"start":{"line":272,"column":51},"end":{"line":272,"column":77}},"skip":true},"12":{"name":"(anonymous_12)","line":315,"loc":{"start":{"line":315,"column":32},"end":{"line":315,"column":61}},"skip":true}},"statementMap":{"1":{"start":{"line":26,"column":0},"end":{"line":326,"column":5}},"2":{"start":{"line":28,"column":4},"end":{"line":28,"column":14}},"3":{"start":{"line":33,"column":4},"end":{"line":60,"column":9}},"4":{"start":{"line":35,"column":8},"end":{"line":35,"column":19}},"5":{"start":{"line":37,"column":8},"end":{"line":49,"column":13}},"6":{"start":{"line":38,"column":12},"end":{"line":48,"column":13}},"7":{"start":{"line":39,"column":16},"end":{"line":42,"column":30}},"8":{"start":{"line":44,"column":16},"end":{"line":47,"column":27}},"9":{"start":{"line":51,"column":8},"end":{"line":53,"column":21}},"10":{"start":{"line":55,"column":8},"end":{"line":57,"column":45}},"11":{"start":{"line":59,"column":8},"end":{"line":59,"column":35}},"12":{"start":{"line":61,"column":4},"end":{"line":325,"column":5}},"13":{"start":{"line":69,"column":8},"end":{"line":121,"column":10},"skip":true},"14":{"start":{"line":70,"column":12},"end":{"line":88,"column":13},"skip":true},"15":{"start":{"line":76,"column":16},"end":{"line":87,"column":19},"skip":true},"16":{"start":{"line":79,"column":20},"end":{"line":86,"column":21},"skip":true},"17":{"start":{"line":82,"column":24},"end":{"line":82,"column":43},"skip":true},"18":{"start":{"line":83,"column":24},"end":{"line":83,"column":30},"skip":true},"19":{"start":{"line":85,"column":24},"end":{"line":85,"column":49},"skip":true},"20":{"start":{"line":89,"column":12},"end":{"line":107,"column":13},"skip":true},"21":{"start":{"line":92,"column":16},"end":{"line":102,"column":17},"skip":true},"22":{"start":{"line":93,"column":20},"end":{"line":93,"column":86},"skip":true},"23":{"start":{"line":94,"column":20},"end":{"line":95,"column":45},"skip":true},"24":{"start":{"line":96,"column":20},"end":{"line":96,"column":42},"skip":true},"25":{"start":{"line":97,"column":20},"end":{"line":97,"column":48},"skip":true},"26":{"start":{"line":100,"column":20},"end":{"line":100,"column":85},"skip":true},"27":{"start":{"line":101,"column":20},"end":{"line":101,"column":96},"skip":true},"28":{"start":{"line":103,"column":16},"end":{"line":103,"column":22},"skip":true},"29":{"start":{"line":106,"column":16},"end":{"line":106,"column":22},"skip":true},"30":{"start":{"line":108,"column":12},"end":{"line":120,"column":13},"skip":true},"31":{"start":{"line":114,"column":16},"end":{"line":119,"column":17},"skip":true},"32":{"start":{"line":116,"column":20},"end":{"line":116,"column":78},"skip":true},"33":{"start":{"line":118,"column":20},"end":{"line":118,"column":47},"skip":true},"34":{"start":{"line":123,"column":8},"end":{"line":141,"column":11},"skip":true},"35":{"start":{"line":124,"column":12},"end":{"line":124,"column":54},"skip":true},"36":{"start":{"line":125,"column":12},"end":{"line":140,"column":14},"skip":true},"37":{"start":{"line":126,"column":16},"end":{"line":126,"column":28},"skip":true},"38":{"start":{"line":127,"column":16},"end":{"line":127,"column":69},"skip":true},"39":{"start":{"line":128,"column":16},"end":{"line":128,"column":75},"skip":true},"40":{"start":{"line":129,"column":16},"end":{"line":131,"column":17},"skip":true},"41":{"start":{"line":130,"column":20},"end":{"line":130,"column":27},"skip":true},"42":{"start":{"line":133,"column":16},"end":{"line":137,"column":36},"skip":true},"43":{"start":{"line":134,"column":20},"end":{"line":136,"column":55},"skip":true},"44":{"start":{"line":139,"column":16},"end":{"line":139,"column":57},"skip":true},"45":{"start":{"line":143,"column":8},"end":{"line":147,"column":11},"skip":true},"46":{"start":{"line":144,"column":12},"end":{"line":146,"column":15},"skip":true},"47":{"start":{"line":145,"column":16},"end":{"line":145,"column":70},"skip":true},"48":{"start":{"line":149,"column":8},"end":{"line":149,"column":31},"skip":true},"49":{"start":{"line":150,"column":8},"end":{"line":150,"column":14},"skip":true},"50":{"start":{"line":158,"column":8},"end":{"line":158,"column":31},"skip":true},"51":{"start":{"line":160,"column":8},"end":{"line":160,"column":33},"skip":true},"52":{"start":{"line":161,"column":8},"end":{"line":161,"column":37},"skip":true},"53":{"start":{"line":162,"column":8},"end":{"line":162,"column":35},"skip":true},"54":{"start":{"line":164,"column":8},"end":{"line":164,"column":50},"skip":true},"55":{"start":{"line":166,"column":8},"end":{"line":256,"column":2},"skip":true},"56":{"start":{"line":258,"column":8},"end":{"line":286,"column":9},"skip":true},"57":{"start":{"line":259,"column":12},"end":{"line":269,"column":14},"skip":true},"58":{"start":{"line":271,"column":12},"end":{"line":285,"column":19},"skip":true},"59":{"start":{"line":274,"column":20},"end":{"line":274,"column":35},"skip":true},"60":{"start":{"line":275,"column":20},"end":{"line":284,"column":21},"skip":true},"61":{"start":{"line":277,"column":24},"end":{"line":277,"column":64},"skip":true},"62":{"start":{"line":279,"column":24},"end":{"line":279,"column":40},"skip":true},"63":{"start":{"line":281,"column":24},"end":{"line":281,"column":40},"skip":true},"64":{"start":{"line":283,"column":24},"end":{"line":283,"column":39},"skip":true},"65":{"start":{"line":288,"column":8},"end":{"line":290,"column":9},"skip":true},"66":{"start":{"line":289,"column":12},"end":{"line":289,"column":18},"skip":true},"67":{"start":{"line":291,"column":8},"end":{"line":293,"column":54},"skip":true},"68":{"start":{"line":296,"column":8},"end":{"line":301,"column":37},"skip":true},"69":{"start":{"line":303,"column":8},"end":{"line":303,"column":82},"skip":true},"70":{"start":{"line":306,"column":8},"end":{"line":308,"column":9},"skip":true},"71":{"start":{"line":307,"column":12},"end":{"line":307,"column":82},"skip":true},"72":{"start":{"line":310,"column":8},"end":{"line":312,"column":9},"skip":true},"73":{"start":{"line":311,"column":12},"end":{"line":311,"column":18},"skip":true},"74":{"start":{"line":313,"column":8},"end":{"line":313,"column":54},"skip":true},"75":{"start":{"line":314,"column":8},"end":{"line":314,"column":69},"skip":true},"76":{"start":{"line":315,"column":8},"end":{"line":323,"column":36},"skip":true},"77":{"start":{"line":316,"column":12},"end":{"line":316,"column":61},"skip":true},"78":{"start":{"line":317,"column":12},"end":{"line":320,"column":13},"skip":true},"79":{"start":{"line":318,"column":16},"end":{"line":318,"column":75},"skip":true},"80":{"start":{"line":319,"column":16},"end":{"line":319,"column":23},"skip":true},"81":{"start":{"line":321,"column":12},"end":{"line":321,"column":38},"skip":true},"82":{"start":{"line":322,"column":12},"end":{"line":322,"column":27},"skip":true},"83":{"start":{"line":324,"column":8},"end":{"line":324,"column":14},"skip":true}},"branchMap":{"1":{"line":39,"type":"binary-expr","locations":[{"start":{"line":39,"column":23},"end":{"line":39,"column":62}},{"start":{"line":40,"column":20},"end":{"line":40,"column":70}},{"start":{"line":41,"column":20},"end":{"line":41,"column":71}},{"start":{"line":42,"column":20},"end":{"line":42,"column":29}}]},"2":{"line":44,"type":"binary-expr","locations":[{"start":{"line":44,"column":23},"end":{"line":44,"column":37}},{"start":{"line":45,"column":20},"end":{"line":45,"column":61}},{"start":{"line":46,"column":20},"end":{"line":46,"column":70}},{"start":{"line":47,"column":20},"end":{"line":47,"column":26}}]},"3":{"line":51,"type":"cond-expr","locations":[{"start":{"line":52,"column":14},"end":{"line":52,"column":20}},{"start":{"line":53,"column":14},"end":{"line":53,"column":20}}]},"4":{"line":55,"type":"binary-expr","locations":[{"start":{"line":55,"column":16},"end":{"line":55,"column":44}},{"start":{"line":55,"column":49},"end":{"line":57,"column":43}}]},"5":{"line":55,"type":"cond-expr","locations":[{"start":{"line":56,"column":14},"end":{"line":56,"column":63}},{"start":{"line":57,"column":14},"end":{"line":57,"column":43}}]},"6":{"line":61,"type":"switch","locations":[{"start":{"line":68,"column":4},"end":{"line":150,"column":14},"skip":true},{"start":{"line":156,"column":4},"end":{"line":324,"column":14},"skip":true}]},"7":{"line":70,"type":"if","locations":[{"start":{"line":70,"column":12},"end":{"line":70,"column":12},"skip":true},{"start":{"line":70,"column":12},"end":{"line":70,"column":12},"skip":true}]},"8":{"line":70,"type":"binary-expr","locations":[{"start":{"line":70,"column":16},"end":{"line":70,"column":22},"skip":true},{"start":{"line":70,"column":27},"end":{"line":70,"column":32},"skip":true},{"start":{"line":71,"column":20},"end":{"line":71,"column":39},"skip":true},{"start":{"line":72,"column":20},"end":{"line":72,"column":49},"skip":true},{"start":{"line":73,"column":20},"end":{"line":73,"column":58},"skip":true},{"start":{"line":74,"column":20},"end":{"line":74,"column":69},"skip":true}]},"9":{"line":79,"type":"switch","locations":[{"start":{"line":80,"column":20},"end":{"line":80,"column":33},"skip":true},{"start":{"line":81,"column":20},"end":{"line":83,"column":30},"skip":true},{"start":{"line":84,"column":20},"end":{"line":85,"column":49},"skip":true}]},"10":{"line":89,"type":"switch","locations":[{"start":{"line":90,"column":12},"end":{"line":103,"column":22},"skip":true},{"start":{"line":105,"column":12},"end":{"line":106,"column":22},"skip":true}]},"11":{"line":89,"type":"binary-expr","locations":[{"start":{"line":89,"column":20},"end":{"line":89,"column":25},"skip":true},{"start":{"line":89,"column":29},"end":{"line":89,"column":48},"skip":true},{"start":{"line":89,"column":52},"end":{"line":89,"column":74},"skip":true}]},"12":{"line":92,"type":"if","locations":[{"start":{"line":92,"column":16},"end":{"line":92,"column":16},"skip":true},{"start":{"line":92,"column":16},"end":{"line":92,"column":16},"skip":true}]},"13":{"line":108,"type":"if","locations":[{"start":{"line":108,"column":12},"end":{"line":108,"column":12},"skip":true},{"start":{"line":108,"column":12},"end":{"line":108,"column":12},"skip":true}]},"14":{"line":108,"type":"binary-expr","locations":[{"start":{"line":108,"column":16},"end":{"line":108,"column":61},"skip":true},{"start":{"line":108,"column":66},"end":{"line":108,"column":72},"skip":true},{"start":{"line":108,"column":77},"end":{"line":108,"column":82},"skip":true},{"start":{"line":109,"column":20},"end":{"line":109,"column":39},"skip":true},{"start":{"line":110,"column":20},"end":{"line":110,"column":49},"skip":true},{"start":{"line":111,"column":20},"end":{"line":111,"column":58},"skip":true},{"start":{"line":112,"column":20},"end":{"line":112,"column":68},"skip":true}]},"15":{"line":129,"type":"if","locations":[{"start":{"line":129,"column":16},"end":{"line":129,"column":16},"skip":true},{"start":{"line":129,"column":16},"end":{"line":129,"column":16},"skip":true}]},"16":{"line":134,"type":"cond-expr","locations":[{"start":{"line":135,"column":26},"end":{"line":135,"column":29},"skip":true},{"start":{"line":136,"column":26},"end":{"line":136,"column":54},"skip":true}]},"17":{"line":164,"type":"binary-expr","locations":[{"start":{"line":164,"column":27},"end":{"line":164,"column":43},"skip":true},{"start":{"line":164,"column":47},"end":{"line":164,"column":49},"skip":true}]},"18":{"line":258,"type":"if","locations":[{"start":{"line":258,"column":8},"end":{"line":258,"column":8},"skip":true},{"start":{"line":258,"column":8},"end":{"line":258,"column":8},"skip":true}]},"19":{"line":275,"type":"switch","locations":[{"start":{"line":276,"column":20},"end":{"line":277,"column":64},"skip":true},{"start":{"line":278,"column":20},"end":{"line":279,"column":40},"skip":true},{"start":{"line":280,"column":20},"end":{"line":281,"column":40},"skip":true},{"start":{"line":282,"column":20},"end":{"line":283,"column":39},"skip":true}]},"20":{"line":288,"type":"if","locations":[{"start":{"line":288,"column":8},"end":{"line":288,"column":8},"skip":true},{"start":{"line":288,"column":8},"end":{"line":288,"column":8},"skip":true}]},"21":{"line":288,"type":"binary-expr","locations":[{"start":{"line":288,"column":12},"end":{"line":288,"column":40},"skip":true},{"start":{"line":288,"column":44},"end":{"line":288,"column":67},"skip":true}]},"22":{"line":292,"type":"binary-expr","locations":[{"start":{"line":292,"column":12},"end":{"line":292,"column":50},"skip":true},{"start":{"line":293,"column":12},"end":{"line":293,"column":53},"skip":true}]},"23":{"line":297,"type":"binary-expr","locations":[{"start":{"line":297,"column":12},"end":{"line":297,"column":77},"skip":true},{"start":{"line":298,"column":12},"end":{"line":301,"column":36},"skip":true}]},"24":{"line":303,"type":"binary-expr","locations":[{"start":{"line":303,"column":43},"end":{"line":303,"column":75},"skip":true},{"start":{"line":303,"column":79},"end":{"line":303,"column":81},"skip":true}]},"25":{"line":306,"type":"if","locations":[{"start":{"line":306,"column":8},"end":{"line":306,"column":8},"skip":true},{"start":{"line":306,"column":8},"end":{"line":306,"column":8},"skip":true}]},"26":{"line":310,"type":"if","locations":[{"start":{"line":310,"column":8},"end":{"line":310,"column":8},"skip":true},{"start":{"line":310,"column":8},"end":{"line":310,"column":8},"skip":true}]},"27":{"line":313,"type":"binary-expr","locations":[{"start":{"line":313,"column":27},"end":{"line":313,"column":43},"skip":true},{"start":{"line":313,"column":47},"end":{"line":313,"column":53},"skip":true}]},"28":{"line":317,"type":"if","locations":[{"start":{"line":317,"column":12},"end":{"line":317,"column":12},"skip":true},{"start":{"line":317,"column":12},"end":{"line":317,"column":12},"skip":true}]}},"code":["/*","example.js","","quickstart example","","instruction","    1. save this script as example.js","    2. run the shell command:","        $ npm install npmtest-generator-wordpress && PORT=8081 node example.js","    3. play with the browser-demo on http://127.0.0.1:8081","*/","","","","/* istanbul instrument in package npmtest_generator_wordpress */","/*jslint","    bitwise: true,","    browser: true,","    maxerr: 8,","    maxlen: 96,","    node: true,","    nomen: true,","    regexp: true,","    stupid: true","*/","(function () {","    'use strict';","    var local;","","","","    // run shared js-env code - init-before","    (function () {","        // init local","        local = {};","        // init modeJs","        local.modeJs = (function () {","            try {","                return typeof navigator.userAgent === 'string' &&","                    typeof document.querySelector('body') === 'object' &&","                    typeof XMLHttpRequest.prototype.open === 'function' &&","                    'browser';","            } catch (errorCaughtBrowser) {","                return module.exports &&","                    typeof process.versions.node === 'string' &&","                    typeof require('http').createServer === 'function' &&","                    'node';","            }","        }());","        // init global","        local.global = local.modeJs === 'browser'","            ? window","            : global;","        // init utility2_rollup","        local = local.global.utility2_rollup || (local.modeJs === 'browser'","            ? local.global.utility2_npmtest_generator_wordpress","            : global.utility2_moduleExports);","        // export local","        local.global.local = local;","    }());","    switch (local.modeJs) {","","","","    // init-after","    // run browser js-env code - init-after","    /* istanbul ignore next */","    case 'browser':","        local.testRunBrowser = function (event) {","            if (!event || (event &&","                    event.currentTarget &&","                    event.currentTarget.className &&","                    event.currentTarget.className.includes &&","                    event.currentTarget.className.includes('onreset'))) {","                // reset output","                Array.from(","                    document.querySelectorAll('body > .resettable')","                ).forEach(function (element) {","                    switch (element.tagName) {","                    case 'INPUT':","                    case 'TEXTAREA':","                        element.value = '';","                        break;","                    default:","                        element.textContent = '';","                    }","                });","            }","            switch (event && event.currentTarget && event.currentTarget.id) {","            case 'testRunButton1':","                // show tests","                if (document.querySelector('#testReportDiv1').style.display === 'none') {","                    document.querySelector('#testReportDiv1').style.display = 'block';","                    document.querySelector('#testRunButton1').textContent =","                        'hide internal test';","                    local.modeTest = true;","                    local.testRunDefault(local);","                // hide tests","                } else {","                    document.querySelector('#testReportDiv1').style.display = 'none';","                    document.querySelector('#testRunButton1').textContent = 'run internal test';","                }","                break;","            // custom-case","            default:","                break;","            }","            if (document.querySelector('#inputTextareaEval1') && (!event || (event &&","                    event.currentTarget &&","                    event.currentTarget.className &&","                    event.currentTarget.className.includes &&","                    event.currentTarget.className.includes('oneval')))) {","                // try to eval input-code","                try {","                    /*jslint evil: true*/","                    eval(document.querySelector('#inputTextareaEval1').value);","                } catch (errorCaught) {","                    console.error(errorCaught);","                }","            }","        };","        // log stderr and stdout to #outputTextareaStdout1","        ['error', 'log'].forEach(function (key) {","            console[key + '_original'] = console[key];","            console[key] = function () {","                var element;","                console[key + '_original'].apply(console, arguments);","                element = document.querySelector('#outputTextareaStdout1');","                if (!element) {","                    return;","                }","                // append text to #outputTextareaStdout1","                element.value += Array.from(arguments).map(function (arg) {","                    return typeof arg === 'string'","                        ? arg","                        : JSON.stringify(arg, null, 4);","                }).join(' ') + '\\n';","                // scroll textarea to bottom","                element.scrollTop = element.scrollHeight;","            };","        });","        // init event-handling","        ['change', 'click', 'keyup'].forEach(function (event) {","            Array.from(document.querySelectorAll('.on' + event)).forEach(function (element) {","                element.addEventListener(event, local.testRunBrowser);","            });","        });","        // run tests","        local.testRunBrowser();","        break;","","","","    // run node js-env code - init-after","    /* istanbul ignore next */","    case 'node':","        // export local","        module.exports = local;","        // require modules","        local.fs = require('fs');","        local.http = require('http');","        local.url = require('url');","        // init assets","        local.assetsDict = local.assetsDict || {};","        /* jslint-ignore-begin */","        local.assetsDict['/assets.index.template.html'] = '\\","<!doctype html>\\n\\","<html lang=\"en\">\\n\\","<head>\\n\\","<meta charset=\"UTF-8\">\\n\\","<meta name=\"viewport\" content=\"width=device-width, initial-scale=1\">\\n\\","<title>{{env.npm_package_name}} (v{{env.npm_package_version}})</title>\\n\\","<style>\\n\\","/*csslint\\n\\","    box-sizing: false,\\n\\","    universal-selector: false\\n\\","*/\\n\\","* {\\n\\","    box-sizing: border-box;\\n\\","}\\n\\","body {\\n\\","    background: #dde;\\n\\","    font-family: Arial, Helvetica, sans-serif;\\n\\","    margin: 2rem;\\n\\","}\\n\\","body > * {\\n\\","    margin-bottom: 1rem;\\n\\","}\\n\\",".utility2FooterDiv {\\n\\","    margin-top: 20px;\\n\\","    text-align: center;\\n\\","}\\n\\","</style>\\n\\","<style>\\n\\","/*csslint\\n\\","*/\\n\\","textarea {\\n\\","    font-family: monospace;\\n\\","    height: 10rem;\\n\\","    width: 100%;\\n\\","}\\n\\","textarea[readonly] {\\n\\","    background: #ddd;\\n\\","}\\n\\","</style>\\n\\","</head>\\n\\","<body>\\n\\","<!-- utility2-comment\\n\\","<div id=\"ajaxProgressDiv1\" style=\"background: #d00; height: 2px; left: 0; margin: 0; padding: 0; position: fixed; top: 0; transition: background 0.5s, width 1.5s; width: 25%;\"></div>\\n\\","utility2-comment -->\\n\\","<h1>\\n\\","<!-- utility2-comment\\n\\","    <a\\n\\","        {{#if env.npm_package_homepage}}\\n\\","        href=\"{{env.npm_package_homepage}}\"\\n\\","        {{/if env.npm_package_homepage}}\\n\\","        target=\"_blank\"\\n\\","    >\\n\\","utility2-comment -->\\n\\","        {{env.npm_package_name}} (v{{env.npm_package_version}})\\n\\","<!-- utility2-comment\\n\\","    </a>\\n\\","utility2-comment -->\\n\\","</h1>\\n\\","<h3>{{env.npm_package_description}}</h3>\\n\\","<!-- utility2-comment\\n\\","<h4><a download href=\"assets.app.js\">download standalone app</a></h4>\\n\\","<button class=\"onclick onreset\" id=\"testRunButton1\">run internal test</button><br>\\n\\","<div id=\"testReportDiv1\" style=\"display: none;\"></div>\\n\\","utility2-comment -->\\n\\","\\n\\","\\n\\","\\n\\","<label>stderr and stdout</label>\\n\\","<textarea class=\"resettable\" id=\"outputTextareaStdout1\" readonly></textarea>\\n\\","<!-- utility2-comment\\n\\","{{#if isRollup}}\\n\\","<script src=\"assets.app.js\"></script>\\n\\","{{#unless isRollup}}\\n\\","utility2-comment -->\\n\\","<script src=\"assets.utility2.rollup.js\"></script>\\n\\","<script src=\"jsonp.utility2._stateInit?callback=window.utility2._stateInit\"></script>\\n\\","<script src=\"assets.npmtest_generator_wordpress.rollup.js\"></script>\\n\\","<script src=\"assets.example.js\"></script>\\n\\","<script src=\"assets.test.js\"></script>\\n\\","<!-- utility2-comment\\n\\","{{/if isRollup}}\\n\\","utility2-comment -->\\n\\","<div class=\"utility2FooterDiv\">\\n\\","    [ this app was created with\\n\\","    <a href=\"https://github.com/kaizhu256/node-utility2\" target=\"_blank\">utility2</a>\\n\\","    ]\\n\\","</div>\\n\\","</body>\\n\\","</html>\\n\\","';","        /* jslint-ignore-end */","        if (local.templateRender) {","            local.assetsDict['/'] = local.templateRender(","                local.assetsDict['/assets.index.template.html'],","                {","                    env: local.objectSetDefault(local.env, {","                        npm_package_description: 'the greatest app in the world!',","                        npm_package_name: 'my-app',","                        npm_package_nameAlias: 'my_app',","                        npm_package_version: '0.0.1'","                    })","                }","            );","        } else {","            local.assetsDict['/'] = local.assetsDict['/assets.index.template.html']","                .replace((/\\{\\{env\\.(\\w+?)\\}\\}/g), function (match0, match1) {","                    // jslint-hack","                    String(match0);","                    switch (match1) {","                    case 'npm_package_description':","                        return 'the greatest app in the world!';","                    case 'npm_package_name':","                        return 'my-app';","                    case 'npm_package_nameAlias':","                        return 'my_app';","                    case 'npm_package_version':","                        return '0.0.1';","                    }","                });","        }","        // run the cli","        if (local.global.utility2_rollup || module !== require.main) {","            break;","        }","        local.assetsDict['/assets.example.js'] =","            local.assetsDict['/assets.example.js'] ||","            local.fs.readFileSync(__filename, 'utf8');","        // bug-workaround - long $npm_package_buildCustomOrg","        /* jslint-ignore-begin */","        local.assetsDict['/assets.npmtest_generator_wordpress.rollup.js'] =","            local.assetsDict['/assets.npmtest_generator_wordpress.rollup.js'] ||","            local.fs.readFileSync(","                local.npmtest_generator_wordpress.__dirname + '/lib.npmtest_generator_wordpress.js',","                'utf8'","            ).replace((/^#!/), '//');","        /* jslint-ignore-end */","        local.assetsDict['/favicon.ico'] = local.assetsDict['/favicon.ico'] || '';","        // if $npm_config_timeout_exit exists,","        // then exit this process after $npm_config_timeout_exit ms","        if (Number(process.env.npm_config_timeout_exit)) {","            setTimeout(process.exit, Number(process.env.npm_config_timeout_exit));","        }","        // start server","        if (local.global.utility2_serverHttp1) {","            break;","        }","        process.env.PORT = process.env.PORT || '8081';","        console.error('server starting on port ' + process.env.PORT);","        local.http.createServer(function (request, response) {","            request.urlParsed = local.url.parse(request.url);","            if (local.assetsDict[request.urlParsed.pathname] !== undefined) {","                response.end(local.assetsDict[request.urlParsed.pathname]);","                return;","            }","            response.statusCode = 404;","            response.end();","        }).listen(process.env.PORT);","        break;","    }","}());",""],"l":{"26":2,"28":2,"33":2,"35":2,"37":2,"38":2,"39":2,"44":1,"51":2,"55":2,"59":2,"61":2,"69":1,"70":2,"76":2,"79":2,"82":2,"83":2,"85":1,"89":2,"92":1,"93":1,"94":1,"96":1,"97":1,"100":1,"101":1,"103":1,"106":1,"108":2,"114":1,"116":1,"118":1,"123":1,"124":2,"125":2,"126":3,"127":3,"128":3,"129":3,"130":1,"133":3,"134":3,"139":3,"143":1,"144":3,"145":1,"149":1,"150":1,"158":1,"160":1,"161":1,"162":1,"164":1,"166":1,"258":1,"259":1,"271":1,"274":6,"275":6,"277":1,"279":2,"281":1,"283":2,"288":1,"289":1,"291":1,"296":1,"303":1,"306":1,"307":1,"310":1,"311":1,"313":1,"314":1,"315":1,"316":1,"317":1,"318":1,"319":1,"321":1,"322":1,"324":1}},"/home/travis/build/npmtest/node-npmtest-generator-wordpress/node_modules/generator-wordpress/app/index.js":{"path":"/home/travis/build/npmtest/node-npmtest-generator-wordpress/node_modules/generator-wordpress/app/index.js","s":{"1":2,"2":0,"3":1,"4":0,"5":0,"6":0,"7":0,"8":0,"9":0,"10":0,"11":0,"12":0,"13":0,"14":0,"15":0,"16":0,"17":0,"18":0,"19":0,"20":0,"21":0,"22":0,"23":0,"24":0,"25":0,"26":0,"27":0,"28":0,"29":0,"30":0,"31":0,"32":0,"33":0,"34":0,"35":0,"36":0,"37":0,"38":0,"39":0,"40":0,"41":0,"42":0,"43":0,"44":0,"45":0,"46":0,"47":0,"48":0,"49":0,"50":0,"51":0,"52":0,"53":0,"54":0,"55":0,"56":0,"57":0,"58":0,"59":0,"60":0,"61":0,"62":0,"63":0,"64":0,"65":0,"66":0,"67":0,"68":0,"69":0,"70":0,"71":0,"72":0,"73":0,"74":0,"75":0,"76":0,"77":0,"78":0,"79":0,"80":0,"81":0,"82":0,"83":0,"84":0,"85":0,"86":0,"87":0,"88":0,"89":0,"90":0,"91":0,"92":0,"93":0,"94":0,"95":0,"96":0,"97":0,"98":0,"99":0,"100":0,"101":0,"102":0,"103":0,"104":0,"105":0,"106":0,"107":0,"108":0,"109":0,"110":0,"111":0,"112":0,"113":0,"114":0,"115":0,"116":0,"117":0,"118":0,"119":0,"120":0,"121":0,"122":0,"123":0,"124":0,"125":0,"126":0,"127":0,"128":0,"129":0,"130":0,"131":0,"132":0,"133":0,"134":0,"135":0,"136":0,"137":0,"138":0,"139":0,"140":0,"141":0,"142":0,"143":0,"144":0,"145":0,"146":0,"147":0,"148":0,"149":0,"150":0,"151":0,"152":0,"153":0,"154":0,"155":0,"156":0,"157":0,"158":0,"159":0,"160":0,"161":0,"162":0,"163":0,"164":0,"165":0,"166":0,"167":0,"168":0,"169":0,"170":0,"171":0,"172":0,"173":0,"174":0,"175":0,"176":0,"177":0,"178":0,"179":0,"180":0,"181":0,"182":0,"183":0,"184":0,"185":0,"186":0,"187":0,"188":0,"189":0,"190":0,"191":0,"192":0,"193":0,"194":0,"195":0,"196":0,"197":0,"198":0,"199":0,"200":0,"201":0,"202":0,"203":0,"204":0,"205":0,"206":0,"207":0,"208":0,"209":0,"210":0,"211":0,"212":0,"213":0,"214":0},"b":{"1":[0,0],"2":[0,0],"3":[0,0],"4":[0,0],"5":[0,0],"6":[0,0],"7":[0,0],"8":[0,0],"9":[0,0],"10":[0,0],"11":[0,0],"12":[0,0],"13":[0,0],"14":[0,0],"15":[0,0],"16":[0,0],"17":[0,0],"18":[0,0],"19":[0,0],"20":[0,0],"21":[0,0],"22":[0,0],"23":[0,0],"24":[0,0],"25":[0,0],"26":[0,0],"27":[0,0],"28":[0,0],"29":[0,0],"30":[0,0],"31":[0,0],"32":[0,0],"33":[0,0],"34":[0,0],"35":[0,0],"36":[0,0],"37":[0,0],"38":[0,0]},"f":{"1":0,"2":0,"3":0,"4":0,"5":0,"6":0,"7":0,"8":0,"9":0,"10":0,"11":0,"12":0,"13":0,"14":0,"15":0,"16":0,"17":0,"18":0,"19":0,"20":0,"21":0,"22":0,"23":0,"24":0,"25":0,"26":0,"27":0,"28":0,"29":0,"30":0,"31":0,"32":0,"33":0,"34":0,"35":0,"36":0,"37":0,"38":0,"39":0,"40":0,"41":0,"42":0,"43":0,"44":0,"45":0},"fnMap":{"1":{"name":"Generator","line":24,"loc":{"start":{"line":24,"column":0},"end":{"line":24,"column":42}}},"2":{"name":"(anonymous_2)","line":76,"loc":{"start":{"line":76,"column":65},"end":{"line":76,"column":76}}},"3":{"name":"(anonymous_3)","line":86,"loc":{"start":{"line":86,"column":29},"end":{"line":86,"column":48}}},"4":{"name":"getInput","line":94,"loc":{"start":{"line":94,"column":16},"end":{"line":94,"column":36}}},"5":{"name":"(anonymous_5)","line":95,"loc":{"start":{"line":95,"column":76},"end":{"line":95,"column":92}}},"6":{"name":"(anonymous_6)","line":100,"loc":{"start":{"line":100,"column":7},"end":{"line":100,"column":19}}},"7":{"name":"(anonymous_7)","line":150,"loc":{"start":{"line":150,"column":35},"end":{"line":150,"column":46}}},"8":{"name":"(anonymous_8)","line":158,"loc":{"start":{"line":158,"column":35},"end":{"line":158,"column":46}}},"9":{"name":"(anonymous_9)","line":165,"loc":{"start":{"line":165,"column":11},"end":{"line":165,"column":25}}},"10":{"name":"(anonymous_10)","line":176,"loc":{"start":{"line":176,"column":39},"end":{"line":176,"column":50}}},"11":{"name":"(anonymous_11)","line":191,"loc":{"start":{"line":191,"column":33},"end":{"line":191,"column":44}}},"12":{"name":"(anonymous_12)","line":197,"loc":{"start":{"line":197,"column":59},"end":{"line":197,"column":73}}},"13":{"name":"(anonymous_13)","line":204,"loc":{"start":{"line":204,"column":40},"end":{"line":204,"column":54}}},"14":{"name":"(anonymous_14)","line":215,"loc":{"start":{"line":215,"column":64},"end":{"line":215,"column":86}}},"15":{"name":"(anonymous_15)","line":230,"loc":{"start":{"line":230,"column":42},"end":{"line":230,"column":53}}},"16":{"name":"(anonymous_16)","line":238,"loc":{"start":{"line":238,"column":64},"end":{"line":238,"column":86}}},"17":{"name":"(anonymous_17)","line":248,"loc":{"start":{"line":248,"column":37},"end":{"line":248,"column":48}}},"18":{"name":"(anonymous_18)","line":253,"loc":{"start":{"line":253,"column":21},"end":{"line":253,"column":45}}},"19":{"name":"(anonymous_19)","line":267,"loc":{"start":{"line":267,"column":32},"end":{"line":267,"column":43}}},"20":{"name":"(anonymous_20)","line":275,"loc":{"start":{"line":275,"column":34},"end":{"line":275,"column":45}}},"21":{"name":"(anonymous_21)","line":280,"loc":{"start":{"line":280,"column":78},"end":{"line":280,"column":93}}},"22":{"name":"(anonymous_22)","line":288,"loc":{"start":{"line":288,"column":42},"end":{"line":288,"column":53}}},"23":{"name":"(anonymous_23)","line":294,"loc":{"start":{"line":294,"column":16},"end":{"line":294,"column":31}}},"24":{"name":"(anonymous_24)","line":306,"loc":{"start":{"line":306,"column":35},"end":{"line":306,"column":46}}},"25":{"name":"(anonymous_25)","line":323,"loc":{"start":{"line":323,"column":41},"end":{"line":323,"column":52}}},"26":{"name":"(anonymous_26)","line":329,"loc":{"start":{"line":329,"column":15},"end":{"line":329,"column":29}}},"27":{"name":"(anonymous_27)","line":331,"loc":{"start":{"line":331,"column":46},"end":{"line":331,"column":63}}},"28":{"name":"(anonymous_28)","line":341,"loc":{"start":{"line":341,"column":34},"end":{"line":341,"column":45}}},"29":{"name":"(anonymous_29)","line":344,"loc":{"start":{"line":344,"column":40},"end":{"line":344,"column":54}}},"30":{"name":"(anonymous_30)","line":355,"loc":{"start":{"line":355,"column":41},"end":{"line":355,"column":52}}},"31":{"name":"(anonymous_31)","line":361,"loc":{"start":{"line":361,"column":48},"end":{"line":361,"column":59}}},"32":{"name":"(anonymous_32)","line":373,"loc":{"start":{"line":373,"column":46},"end":{"line":373,"column":57}}},"33":{"name":"(anonymous_33)","line":380,"loc":{"start":{"line":380,"column":17},"end":{"line":380,"column":32}}},"34":{"name":"(anonymous_34)","line":391,"loc":{"start":{"line":391,"column":50},"end":{"line":391,"column":61}}},"35":{"name":"(anonymous_35)","line":402,"loc":{"start":{"line":402,"column":39},"end":{"line":402,"column":50}}},"36":{"name":"(anonymous_36)","line":408,"loc":{"start":{"line":408,"column":15},"end":{"line":408,"column":29}}},"37":{"name":"(anonymous_37)","line":410,"loc":{"start":{"line":410,"column":42},"end":{"line":410,"column":59}}},"38":{"name":"(anonymous_38)","line":421,"loc":{"start":{"line":421,"column":32},"end":{"line":421,"column":43}}},"39":{"name":"(anonymous_39)","line":425,"loc":{"start":{"line":425,"column":58},"end":{"line":425,"column":72}}},"40":{"name":"(anonymous_40)","line":430,"loc":{"start":{"line":430,"column":20},"end":{"line":430,"column":34}}},"41":{"name":"(anonymous_41)","line":433,"loc":{"start":{"line":433,"column":26},"end":{"line":433,"column":41}}},"42":{"name":"(anonymous_42)","line":436,"loc":{"start":{"line":436,"column":26},"end":{"line":436,"column":40}}},"43":{"name":"(anonymous_43)","line":443,"loc":{"start":{"line":443,"column":37},"end":{"line":443,"column":48}}},"44":{"name":"(anonymous_44)","line":449,"loc":{"start":{"line":449,"column":16},"end":{"line":449,"column":31}}},"45":{"name":"(anonymous_45)","line":457,"loc":{"start":{"line":457,"column":38},"end":{"line":457,"column":49}}}},"statementMap":{"1":{"start":{"line":6,"column":0},"end":{"line":18,"column":36}},"2":{"start":{"line":21,"column":0},"end":{"line":21,"column":27}},"3":{"start":{"line":24,"column":0},"end":{"line":67,"column":1}},"4":{"start":{"line":25,"column":1},"end":{"line":25,"column":47}},"5":{"start":{"line":28,"column":1},"end":{"line":33,"column":4}},"6":{"start":{"line":36,"column":1},"end":{"line":39,"column":4}},"7":{"start":{"line":42,"column":1},"end":{"line":45,"column":4}},"8":{"start":{"line":46,"column":1},"end":{"line":48,"column":2}},"9":{"start":{"line":47,"column":2},"end":{"line":47,"column":31}},"10":{"start":{"line":51,"column":1},"end":{"line":53,"column":4}},"11":{"start":{"line":56,"column":1},"end":{"line":62,"column":2}},"12":{"start":{"line":57,"column":2},"end":{"line":57,"column":80}},"13":{"start":{"line":65,"column":1},"end":{"line":65,"column":26}},"14":{"start":{"line":68,"column":0},"end":{"line":68,"column":49}},"15":{"start":{"line":76,"column":0},"end":{"line":147,"column":2}},"16":{"start":{"line":79,"column":1},"end":{"line":79,"column":25}},"17":{"start":{"line":82,"column":1},"end":{"line":82,"column":42}},"18":{"start":{"line":85,"column":1},"end":{"line":85,"column":51}},"19":{"start":{"line":86,"column":1},"end":{"line":91,"column":15}},"20":{"start":{"line":87,"column":2},"end":{"line":87,"column":82}},"21":{"start":{"line":87,"column":11},"end":{"line":87,"column":82}},"22":{"start":{"line":88,"column":2},"end":{"line":88,"column":56}},"23":{"start":{"line":89,"column":2},"end":{"line":89,"column":30}},"24":{"start":{"line":90,"column":2},"end":{"line":90,"column":13}},"25":{"start":{"line":94,"column":1},"end":{"line":145,"column":14}},"26":{"start":{"line":95,"column":2},"end":{"line":144,"column":16}},"27":{"start":{"line":96,"column":3},"end":{"line":143,"column":17}},"28":{"start":{"line":101,"column":4},"end":{"line":142,"column":5}},"29":{"start":{"line":103,"column":5},"end":{"line":103,"column":31}},"30":{"start":{"line":104,"column":5},"end":{"line":104,"column":43}},"31":{"start":{"line":105,"column":5},"end":{"line":105,"column":53}},"32":{"start":{"line":105,"column":15},"end":{"line":105,"column":53}},"33":{"start":{"line":108,"column":5},"end":{"line":108,"column":50}},"34":{"start":{"line":111,"column":5},"end":{"line":113,"column":6}},"35":{"start":{"line":112,"column":6},"end":{"line":112,"column":30}},"36":{"start":{"line":116,"column":5},"end":{"line":119,"column":6}},"37":{"start":{"line":117,"column":6},"end":{"line":117,"column":24}},"38":{"start":{"line":118,"column":6},"end":{"line":118,"column":38}},"39":{"start":{"line":122,"column":5},"end":{"line":132,"column":8}},"40":{"start":{"line":135,"column":5},"end":{"line":135,"column":26}},"41":{"start":{"line":136,"column":5},"end":{"line":136,"column":87}},"42":{"start":{"line":137,"column":5},"end":{"line":137,"column":46}},"43":{"start":{"line":138,"column":5},"end":{"line":138,"column":12}},"44":{"start":{"line":140,"column":5},"end":{"line":140,"column":19}},"45":{"start":{"line":141,"column":5},"end":{"line":141,"column":16}},"46":{"start":{"line":150,"column":0},"end":{"line":155,"column":2}},"47":{"start":{"line":151,"column":1},"end":{"line":154,"column":2}},"48":{"start":{"line":152,"column":2},"end":{"line":152,"column":49}},"49":{"start":{"line":153,"column":2},"end":{"line":153,"column":112}},"50":{"start":{"line":158,"column":0},"end":{"line":173,"column":2}},"51":{"start":{"line":161,"column":1},"end":{"line":171,"column":2}},"52":{"start":{"line":162,"column":2},"end":{"line":162,"column":26}},"53":{"start":{"line":164,"column":2},"end":{"line":164,"column":38}},"54":{"start":{"line":165,"column":2},"end":{"line":170,"column":16}},"55":{"start":{"line":166,"column":3},"end":{"line":166,"column":35}},"56":{"start":{"line":166,"column":12},"end":{"line":166,"column":35}},"57":{"start":{"line":168,"column":3},"end":{"line":168,"column":44}},"58":{"start":{"line":169,"column":3},"end":{"line":169,"column":10}},"59":{"start":{"line":176,"column":0},"end":{"line":188,"column":2}},"60":{"start":{"line":178,"column":1},"end":{"line":186,"column":2}},"61":{"start":{"line":179,"column":2},"end":{"line":179,"column":40}},"62":{"start":{"line":180,"column":2},"end":{"line":180,"column":46}},"63":{"start":{"line":181,"column":2},"end":{"line":181,"column":95}},"64":{"start":{"line":182,"column":2},"end":{"line":182,"column":46}},"65":{"start":{"line":183,"column":2},"end":{"line":183,"column":78}},"66":{"start":{"line":184,"column":2},"end":{"line":184,"column":127}},"67":{"start":{"line":185,"column":2},"end":{"line":185,"column":53}},"68":{"start":{"line":191,"column":0},"end":{"line":227,"column":2}},"69":{"start":{"line":193,"column":1},"end":{"line":193,"column":25}},"70":{"start":{"line":195,"column":1},"end":{"line":225,"column":2}},"71":{"start":{"line":196,"column":2},"end":{"line":196,"column":101}},"72":{"start":{"line":197,"column":2},"end":{"line":210,"column":16}},"73":{"start":{"line":198,"column":3},"end":{"line":198,"column":35}},"74":{"start":{"line":198,"column":12},"end":{"line":198,"column":35}},"75":{"start":{"line":200,"column":3},"end":{"line":200,"column":42}},"76":{"start":{"line":201,"column":3},"end":{"line":201,"column":27}},"77":{"start":{"line":202,"column":3},"end":{"line":202,"column":41}},"78":{"start":{"line":203,"column":3},"end":{"line":203,"column":76}},"79":{"start":{"line":204,"column":3},"end":{"line":209,"column":17}},"80":{"start":{"line":205,"column":4},"end":{"line":205,"column":36}},"81":{"start":{"line":205,"column":13},"end":{"line":205,"column":36}},"82":{"start":{"line":206,"column":4},"end":{"line":206,"column":23}},"83":{"start":{"line":207,"column":4},"end":{"line":207,"column":47}},"84":{"start":{"line":208,"column":4},"end":{"line":208,"column":11}},"85":{"start":{"line":214,"column":2},"end":{"line":214,"column":68}},"86":{"start":{"line":215,"column":2},"end":{"line":223,"column":16}},"87":{"start":{"line":216,"column":3},"end":{"line":219,"column":4}},"88":{"start":{"line":217,"column":4},"end":{"line":217,"column":27}},"89":{"start":{"line":218,"column":4},"end":{"line":218,"column":21}},"90":{"start":{"line":220,"column":3},"end":{"line":220,"column":49}},"91":{"start":{"line":221,"column":3},"end":{"line":221,"column":42}},"92":{"start":{"line":222,"column":3},"end":{"line":222,"column":10}},"93":{"start":{"line":230,"column":0},"end":{"line":245,"column":2}},"94":{"start":{"line":232,"column":1},"end":{"line":243,"column":2}},"95":{"start":{"line":234,"column":2},"end":{"line":234,"column":43}},"96":{"start":{"line":235,"column":2},"end":{"line":235,"column":111}},"97":{"start":{"line":237,"column":2},"end":{"line":237,"column":54}},"98":{"start":{"line":238,"column":2},"end":{"line":241,"column":16}},"99":{"start":{"line":239,"column":3},"end":{"line":239,"column":63}},"100":{"start":{"line":240,"column":3},"end":{"line":240,"column":50}},"101":{"start":{"line":248,"column":0},"end":{"line":264,"column":2}},"102":{"start":{"line":250,"column":1},"end":{"line":250,"column":25}},"103":{"start":{"line":252,"column":1},"end":{"line":252,"column":38}},"104":{"start":{"line":253,"column":1},"end":{"line":262,"column":15}},"105":{"start":{"line":254,"column":2},"end":{"line":256,"column":3}},"106":{"start":{"line":255,"column":3},"end":{"line":255,"column":74}},"107":{"start":{"line":257,"column":2},"end":{"line":257,"column":76}},"108":{"start":{"line":258,"column":2},"end":{"line":258,"column":38}},"109":{"start":{"line":259,"column":2},"end":{"line":259,"column":43}},"110":{"start":{"line":260,"column":2},"end":{"line":260,"column":119}},"111":{"start":{"line":261,"column":2},"end":{"line":261,"column":9}},"112":{"start":{"line":267,"column":0},"end":{"line":272,"column":2}},"113":{"start":{"line":268,"column":1},"end":{"line":271,"column":2}},"114":{"start":{"line":269,"column":2},"end":{"line":269,"column":46}},"115":{"start":{"line":270,"column":2},"end":{"line":270,"column":125}},"116":{"start":{"line":275,"column":0},"end":{"line":285,"column":2}},"117":{"start":{"line":278,"column":1},"end":{"line":283,"column":2}},"118":{"start":{"line":279,"column":2},"end":{"line":279,"column":45}},"119":{"start":{"line":280,"column":2},"end":{"line":282,"column":16}},"120":{"start":{"line":281,"column":3},"end":{"line":281,"column":35}},"121":{"start":{"line":281,"column":12},"end":{"line":281,"column":35}},"122":{"start":{"line":288,"column":0},"end":{"line":300,"column":2}},"123":{"start":{"line":290,"column":1},"end":{"line":290,"column":25}},"124":{"start":{"line":292,"column":1},"end":{"line":292,"column":44}},"125":{"start":{"line":294,"column":1},"end":{"line":299,"column":15}},"126":{"start":{"line":295,"column":2},"end":{"line":295,"column":34}},"127":{"start":{"line":295,"column":11},"end":{"line":295,"column":34}},"128":{"start":{"line":297,"column":2},"end":{"line":297,"column":47}},"129":{"start":{"line":298,"column":2},"end":{"line":298,"column":9}},"130":{"start":{"line":306,"column":0},"end":{"line":320,"column":2}},"131":{"start":{"line":308,"column":1},"end":{"line":312,"column":2}},"132":{"start":{"line":309,"column":2},"end":{"line":309,"column":52}},"133":{"start":{"line":310,"column":2},"end":{"line":310,"column":39}},"134":{"start":{"line":311,"column":2},"end":{"line":311,"column":55}},"135":{"start":{"line":314,"column":1},"end":{"line":318,"column":2}},"136":{"start":{"line":315,"column":2},"end":{"line":315,"column":81}},"137":{"start":{"line":316,"column":2},"end":{"line":316,"column":63}},"138":{"start":{"line":317,"column":2},"end":{"line":317,"column":84}},"139":{"start":{"line":323,"column":0},"end":{"line":338,"column":2}},"140":{"start":{"line":325,"column":1},"end":{"line":336,"column":2}},"141":{"start":{"line":326,"column":2},"end":{"line":326,"column":26}},"142":{"start":{"line":328,"column":2},"end":{"line":328,"column":46}},"143":{"start":{"line":329,"column":2},"end":{"line":335,"column":16}},"144":{"start":{"line":330,"column":3},"end":{"line":330,"column":35}},"145":{"start":{"line":330,"column":12},"end":{"line":330,"column":35}},"146":{"start":{"line":332,"column":3},"end":{"line":332,"column":35}},"147":{"start":{"line":332,"column":12},"end":{"line":332,"column":35}},"148":{"start":{"line":333,"column":3},"end":{"line":333,"column":76}},"149":{"start":{"line":334,"column":3},"end":{"line":334,"column":10}},"150":{"start":{"line":341,"column":0},"end":{"line":352,"column":2}},"151":{"start":{"line":343,"column":1},"end":{"line":343,"column":25}},"152":{"start":{"line":344,"column":1},"end":{"line":350,"column":15}},"153":{"start":{"line":345,"column":2},"end":{"line":348,"column":3}},"154":{"start":{"line":346,"column":3},"end":{"line":346,"column":46}},"155":{"start":{"line":347,"column":3},"end":{"line":347,"column":105}},"156":{"start":{"line":349,"column":2},"end":{"line":349,"column":9}},"157":{"start":{"line":355,"column":0},"end":{"line":370,"column":2}},"158":{"start":{"line":357,"column":1},"end":{"line":368,"column":2}},"159":{"start":{"line":358,"column":2},"end":{"line":358,"column":26}},"160":{"start":{"line":360,"column":2},"end":{"line":360,"column":47}},"161":{"start":{"line":361,"column":2},"end":{"line":367,"column":16}},"162":{"start":{"line":365,"column":3},"end":{"line":365,"column":49}},"163":{"start":{"line":366,"column":3},"end":{"line":366,"column":10}},"164":{"start":{"line":373,"column":0},"end":{"line":388,"column":2}},"165":{"start":{"line":375,"column":1},"end":{"line":386,"column":2}},"166":{"start":{"line":376,"column":2},"end":{"line":376,"column":26}},"167":{"start":{"line":378,"column":2},"end":{"line":378,"column":48}},"168":{"start":{"line":380,"column":2},"end":{"line":385,"column":16}},"169":{"start":{"line":381,"column":3},"end":{"line":381,"column":35}},"170":{"start":{"line":381,"column":12},"end":{"line":381,"column":35}},"171":{"start":{"line":383,"column":3},"end":{"line":383,"column":51}},"172":{"start":{"line":384,"column":3},"end":{"line":384,"column":10}},"173":{"start":{"line":391,"column":0},"end":{"line":399,"column":2}},"174":{"start":{"line":393,"column":1},"end":{"line":397,"column":2}},"175":{"start":{"line":394,"column":2},"end":{"line":394,"column":42}},"176":{"start":{"line":395,"column":2},"end":{"line":395,"column":60}},"177":{"start":{"line":396,"column":2},"end":{"line":396,"column":46}},"178":{"start":{"line":402,"column":0},"end":{"line":418,"column":2}},"179":{"start":{"line":404,"column":1},"end":{"line":416,"column":2}},"180":{"start":{"line":405,"column":2},"end":{"line":405,"column":26}},"181":{"start":{"line":407,"column":2},"end":{"line":407,"column":49}},"182":{"start":{"line":408,"column":2},"end":{"line":415,"column":16}},"183":{"start":{"line":409,"column":3},"end":{"line":409,"column":35}},"184":{"start":{"line":409,"column":12},"end":{"line":409,"column":35}},"185":{"start":{"line":411,"column":3},"end":{"line":411,"column":35}},"186":{"start":{"line":411,"column":12},"end":{"line":411,"column":35}},"187":{"start":{"line":413,"column":3},"end":{"line":413,"column":75}},"188":{"start":{"line":414,"column":3},"end":{"line":414,"column":10}},"189":{"start":{"line":421,"column":0},"end":{"line":440,"column":2}},"190":{"start":{"line":422,"column":1},"end":{"line":439,"column":2}},"191":{"start":{"line":423,"column":2},"end":{"line":423,"column":26}},"192":{"start":{"line":424,"column":2},"end":{"line":424,"column":40}},"193":{"start":{"line":425,"column":2},"end":{"line":429,"column":16}},"194":{"start":{"line":426,"column":3},"end":{"line":426,"column":42}},"195":{"start":{"line":426,"column":12},"end":{"line":426,"column":42}},"196":{"start":{"line":427,"column":3},"end":{"line":427,"column":51}},"197":{"start":{"line":428,"column":3},"end":{"line":428,"column":10}},"198":{"start":{"line":430,"column":2},"end":{"line":432,"column":5}},"199":{"start":{"line":431,"column":3},"end":{"line":431,"column":29}},"200":{"start":{"line":433,"column":2},"end":{"line":435,"column":5}},"201":{"start":{"line":434,"column":3},"end":{"line":434,"column":30}},"202":{"start":{"line":436,"column":2},"end":{"line":438,"column":5}},"203":{"start":{"line":437,"column":3},"end":{"line":437,"column":29}},"204":{"start":{"line":443,"column":0},"end":{"line":454,"column":2}},"205":{"start":{"line":444,"column":1},"end":{"line":444,"column":43}},"206":{"start":{"line":445,"column":1},"end":{"line":445,"column":83}},"207":{"start":{"line":449,"column":1},"end":{"line":453,"column":15}},"208":{"start":{"line":450,"column":2},"end":{"line":450,"column":34}},"209":{"start":{"line":450,"column":11},"end":{"line":450,"column":34}},"210":{"start":{"line":452,"column":2},"end":{"line":452,"column":53}},"211":{"start":{"line":457,"column":0},"end":{"line":461,"column":2}},"212":{"start":{"line":458,"column":1},"end":{"line":458,"column":96}},"213":{"start":{"line":459,"column":1},"end":{"line":459,"column":220}},"214":{"start":{"line":460,"column":1},"end":{"line":460,"column":69}}},"branchMap":{"1":{"line":46,"type":"if","locations":[{"start":{"line":46,"column":1},"end":{"line":46,"column":1}},{"start":{"line":46,"column":1},"end":{"line":46,"column":1}}]},"2":{"line":87,"type":"if","locations":[{"start":{"line":87,"column":2},"end":{"line":87,"column":2}},{"start":{"line":87,"column":2},"end":{"line":87,"column":2}}]},"3":{"line":101,"type":"if","locations":[{"start":{"line":101,"column":4},"end":{"line":101,"column":4}},{"start":{"line":101,"column":4},"end":{"line":101,"column":4}}]},"4":{"line":105,"type":"if","locations":[{"start":{"line":105,"column":5},"end":{"line":105,"column":5}},{"start":{"line":105,"column":5},"end":{"line":105,"column":5}}]},"5":{"line":111,"type":"if","locations":[{"start":{"line":111,"column":5},"end":{"line":111,"column":5}},{"start":{"line":111,"column":5},"end":{"line":111,"column":5}}]},"6":{"line":116,"type":"if","locations":[{"start":{"line":116,"column":5},"end":{"line":116,"column":5}},{"start":{"line":116,"column":5},"end":{"line":116,"column":5}}]},"7":{"line":151,"type":"if","locations":[{"start":{"line":151,"column":1},"end":{"line":151,"column":1}},{"start":{"line":151,"column":1},"end":{"line":151,"column":1}}]},"8":{"line":161,"type":"if","locations":[{"start":{"line":161,"column":1},"end":{"line":161,"column":1}},{"start":{"line":161,"column":1},"end":{"line":161,"column":1}}]},"9":{"line":166,"type":"if","locations":[{"start":{"line":166,"column":3},"end":{"line":166,"column":3}},{"start":{"line":166,"column":3},"end":{"line":166,"column":3}}]},"10":{"line":178,"type":"if","locations":[{"start":{"line":178,"column":1},"end":{"line":178,"column":1}},{"start":{"line":178,"column":1},"end":{"line":178,"column":1}}]},"11":{"line":195,"type":"if","locations":[{"start":{"line":195,"column":1},"end":{"line":195,"column":1}},{"start":{"line":195,"column":1},"end":{"line":195,"column":1}}]},"12":{"line":198,"type":"if","locations":[{"start":{"line":198,"column":3},"end":{"line":198,"column":3}},{"start":{"line":198,"column":3},"end":{"line":198,"column":3}}]},"13":{"line":205,"type":"if","locations":[{"start":{"line":205,"column":4},"end":{"line":205,"column":4}},{"start":{"line":205,"column":4},"end":{"line":205,"column":4}}]},"14":{"line":216,"type":"if","locations":[{"start":{"line":216,"column":3},"end":{"line":216,"column":3}},{"start":{"line":216,"column":3},"end":{"line":216,"column":3}}]},"15":{"line":232,"type":"if","locations":[{"start":{"line":232,"column":1},"end":{"line":232,"column":1}},{"start":{"line":232,"column":1},"end":{"line":232,"column":1}}]},"16":{"line":232,"type":"binary-expr","locations":[{"start":{"line":232,"column":5},"end":{"line":232,"column":31}},{"start":{"line":232,"column":35},"end":{"line":232,"column":62}}]},"17":{"line":254,"type":"if","locations":[{"start":{"line":254,"column":2},"end":{"line":254,"column":2}},{"start":{"line":254,"column":2},"end":{"line":254,"column":2}}]},"18":{"line":268,"type":"if","locations":[{"start":{"line":268,"column":1},"end":{"line":268,"column":1}},{"start":{"line":268,"column":1},"end":{"line":268,"column":1}}]},"19":{"line":278,"type":"if","locations":[{"start":{"line":278,"column":1},"end":{"line":278,"column":1}},{"start":{"line":278,"column":1},"end":{"line":278,"column":1}}]},"20":{"line":281,"type":"if","locations":[{"start":{"line":281,"column":3},"end":{"line":281,"column":3}},{"start":{"line":281,"column":3},"end":{"line":281,"column":3}}]},"21":{"line":295,"type":"if","locations":[{"start":{"line":295,"column":2},"end":{"line":295,"column":2}},{"start":{"line":295,"column":2},"end":{"line":295,"column":2}}]},"22":{"line":308,"type":"if","locations":[{"start":{"line":308,"column":1},"end":{"line":308,"column":1}},{"start":{"line":308,"column":1},"end":{"line":308,"column":1}}]},"23":{"line":314,"type":"if","locations":[{"start":{"line":314,"column":1},"end":{"line":314,"column":1}},{"start":{"line":314,"column":1},"end":{"line":314,"column":1}}]},"24":{"line":325,"type":"if","locations":[{"start":{"line":325,"column":1},"end":{"line":325,"column":1}},{"start":{"line":325,"column":1},"end":{"line":325,"column":1}}]},"25":{"line":330,"type":"if","locations":[{"start":{"line":330,"column":3},"end":{"line":330,"column":3}},{"start":{"line":330,"column":3},"end":{"line":330,"column":3}}]},"26":{"line":332,"type":"if","locations":[{"start":{"line":332,"column":3},"end":{"line":332,"column":3}},{"start":{"line":332,"column":3},"end":{"line":332,"column":3}}]},"27":{"line":345,"type":"if","locations":[{"start":{"line":345,"column":2},"end":{"line":345,"column":2}},{"start":{"line":345,"column":2},"end":{"line":345,"column":2}}]},"28":{"line":357,"type":"if","locations":[{"start":{"line":357,"column":1},"end":{"line":357,"column":1}},{"start":{"line":357,"column":1},"end":{"line":357,"column":1}}]},"29":{"line":375,"type":"if","locations":[{"start":{"line":375,"column":1},"end":{"line":375,"column":1}},{"start":{"line":375,"column":1},"end":{"line":375,"column":1}}]},"30":{"line":381,"type":"if","locations":[{"start":{"line":381,"column":3},"end":{"line":381,"column":3}},{"start":{"line":381,"column":3},"end":{"line":381,"column":3}}]},"31":{"line":393,"type":"if","locations":[{"start":{"line":393,"column":1},"end":{"line":393,"column":1}},{"start":{"line":393,"column":1},"end":{"line":393,"column":1}}]},"32":{"line":404,"type":"if","locations":[{"start":{"line":404,"column":1},"end":{"line":404,"column":1}},{"start":{"line":404,"column":1},"end":{"line":404,"column":1}}]},"33":{"line":404,"type":"binary-expr","locations":[{"start":{"line":404,"column":5},"end":{"line":404,"column":25}},{"start":{"line":404,"column":29},"end":{"line":404,"column":58}}]},"34":{"line":409,"type":"if","locations":[{"start":{"line":409,"column":3},"end":{"line":409,"column":3}},{"start":{"line":409,"column":3},"end":{"line":409,"column":3}}]},"35":{"line":411,"type":"if","locations":[{"start":{"line":411,"column":3},"end":{"line":411,"column":3}},{"start":{"line":411,"column":3},"end":{"line":411,"column":3}}]},"36":{"line":422,"type":"if","locations":[{"start":{"line":422,"column":1},"end":{"line":422,"column":1}},{"start":{"line":422,"column":1},"end":{"line":422,"column":1}}]},"37":{"line":426,"type":"if","locations":[{"start":{"line":426,"column":3},"end":{"line":426,"column":3}},{"start":{"line":426,"column":3},"end":{"line":426,"column":3}}]},"38":{"line":450,"type":"if","locations":[{"start":{"line":450,"column":2},"end":{"line":450,"column":2}},{"start":{"line":450,"column":2},"end":{"line":450,"column":2}}]}},"code":["/**================================"," * Setting up the basics"," **===============================*/","","// Requirements","var util = require('util'),","\tpath = require('path'),","\tfs = require('fs'),","\tyeoman = require('yeoman-generator'),","\twrench = require('wrench'),","\tchalk = require('chalk'),","\tmkdirp = require('mkdirp'),","\tgit = require('simple-git')(),","\twp = require('wp-util'),","\twordpress = require('../util/wordpress'),","\tart = require('../util/art'),","\tLogger = require('../u
[...]
line":262,"column":25}},"133":{"start":{"line":263,"column":8},"end":{"line":266,"column":2}},"134":{"start":{"line":264,"column":2},"end":{"line":265,"column":24}},"135":{"start":{"line":268,"column":1},"end":{"line":294,"column":2}},"136":{"start":{"line":269,"column":2},"end":{"line":269,"column":29}},"137":{"start":{"line":270,"column":2},"end":{"line":270,"column":27}},"138":{"start":{"line":271,"column":2},"end":{"line":271,"column":68}},"139":{"start":{"line":273,"column":2},"end":{"line":290,"column":5}},"140":{"start":{"line":274,"column":3},"end":{"line":277,"column":4}},"141":{"start":{"line":275,"column":4},"end":{"line":275,"column":68}},"142":{"start":{"line":276,"column":4},"end":{"line":276,"column":18}},"143":{"start":{"line":279,"column":3},"end":{"line":289,"column":4}},"144":{"start":{"line":280,"column":4},"end":{"line":284,"column":7}},"145":{"start":{"line":281,"column":5},"end":{"line":281,"column":46}},"146":{"start":{"line":282,"column":5},"end":{"line":282,"column":27}},"147":{"start":{"line":283,"column":5},"end":{"line":283,"column":12}},"148":{"start":{"line":286,"column":4},"end":{"line":286,"column":56}},"149":{"start":{"line":287,"column":4},"end":{"line":287,"column":26}},"150":{"start":{"line":288,"column":4},"end":{"line":288,"column":11}},"151":{"start":{"line":292,"column":2},"end":{"line":292,"column":50}},"152":{"start":{"line":293,"column":2},"end":{"line":293,"column":9}},"153":{"start":{"line":298,"column":0},"end":{"line":336,"column":1}},"154":{"start":{"line":299,"column":1},"end":{"line":299,"column":29}},"155":{"start":{"line":301,"column":1},"end":{"line":329,"column":4}},"156":{"start":{"line":303,"column":2},"end":{"line":308,"column":5}},"157":{"start":{"line":310,"column":2},"end":{"line":327,"column":5}},"158":{"start":{"line":311,"column":3},"end":{"line":311,"column":41}},"159":{"start":{"line":311,"column":12},"end":{"line":311,"column":41}},"160":{"start":{"line":313,"column":3},"end":{"line":318,"column":16}},"161":{"start":{"line":320,"column":3},"end":{"line":325,"column":6}},"162":{"start":{"line":321,"column":4},"end":{"line":321,"column":42}},"163":{"start":{"line":321,"column":13},"end":{"line":321,"column":42}},"164":{"start":{"line":322,"column":4},"end":{"line":324,"column":7}},"165":{"start":{"line":323,"column":5},"end":{"line":323,"column":21}},"166":{"start":{"line":331,"column":1},"end":{"line":333,"column":2}},"167":{"start":{"line":332,"column":2},"end":{"line":332,"column":26}},"168":{"start":{"line":335,"column":1},"end":{"line":335,"column":11}},"169":{"start":{"line":338,"column":0},"end":{"line":351,"column":2}}},"branchMap":{"1":{"line":27,"type":"if","locations":[{"start":{"line":27,"column":3},"end":{"line":27,"column":3}},{"start":{"line":27,"column":3},"end":{"line":27,"column":3}}]},"2":{"line":39,"type":"if","locations":[{"start":{"line":39,"column":4},"end":{"line":39,"column":4}},{"start":{"line":39,"column":4},"end":{"line":39,"column":4}}]},"3":{"line":39,"type":"cond-expr","locations":[{"start":{"line":39,"column":56},"end":{"line":39,"column":60}},{"start":{"line":39,"column":63},"end":{"line":39,"column":69}}]},"4":{"line":48,"type":"if","locations":[{"start":{"line":48,"column":1},"end":{"line":48,"column":1}},{"start":{"line":48,"column":1},"end":{"line":48,"column":1}}]},"5":{"line":48,"type":"binary-expr","locations":[{"start":{"line":48,"column":5},"end":{"line":48,"column":9}},{"start":{"line":48,"column":13},"end":{"line":48,"column":23}}]},"6":{"line":60,"type":"if","locations":[{"start":{"line":60,"column":2},"end":{"line":60,"column":2}},{"start":{"line":60,"column":2},"end":{"line":60,"column":2}}]},"7":{"line":62,"type":"if","locations":[{"start":{"line":62,"column":3},"end":{"line":62,"column":3}},{"start":{"line":62,"column":3},"end":{"line":62,"column":3}}]},"8":{"line":86,"type":"if","locations":[{"start":{"line":86,"column":1},"end":{"line":86,"column":1}},{"start":{"line":86,"column":1},"end":{"line":86,"column":1}}]},"9":{"line":95,"type":"if","locations":[{"start":{"line":95,"column":2},"end":{"line":95,"column":2}},{"start":{"line":95,"column":2},"end":{"line":95,"column":2}}]},"10":{"line":99,"type":"if","locations":[{"start":{"line":99,"column":2},"end":{"line":99,"column":2}},{"start":{"line":99,"column":2},"end":{"line":99,"column":2}}]},"11":{"line":111,"type":"if","locations":[{"start":{"line":111,"column":3},"end":{"line":111,"column":3}},{"start":{"line":111,"column":3},"end":{"line":111,"column":3}}]},"12":{"line":117,"type":"if","locations":[{"start":{"line":117,"column":2},"end":{"line":117,"column":2}},{"start":{"line":117,"column":2},"end":{"line":117,"column":2}}]},"13":{"line":121,"type":"if","locations":[{"start":{"line":121,"column":4},"end":{"line":121,"column":4}},{"start":{"line":121,"column":4},"end":{"line":121,"column":4}}]},"14":{"line":164,"type":"if","locations":[{"start":{"line":164,"column":3},"end":{"line":164,"column":3}},{"start":{"line":164,"column":3},"end":{"line":164,"column":3}}]},"15":{"line":167,"type":"if","locations":[{"start":{"line":167,"column":4},"end":{"line":167,"column":4}},{"start":{"line":167,"column":4},"end":{"line":167,"column":4}}]},"16":{"line":179,"type":"if","locations":[{"start":{"line":179,"column":1},"end":{"line":179,"column":1}},{"start":{"line":179,"column":1},"end":{"line":179,"column":1}}]},"17":{"line":191,"type":"if","locations":[{"start":{"line":191,"column":3},"end":{"line":191,"column":3}},{"start":{"line":191,"column":3},"end":{"line":191,"column":3}}]},"18":{"line":193,"type":"if","locations":[{"start":{"line":193,"column":5},"end":{"line":193,"column":5}},{"start":{"line":193,"column":5},"end":{"line":193,"column":5}}]},"19":{"line":198,"type":"if","locations":[{"start":{"line":198,"column":5},"end":{"line":198,"column":5}},{"start":{"line":198,"column":5},"end":{"line":198,"column":5}}]},"20":{"line":200,"type":"if","locations":[{"start":{"line":200,"column":7},"end":{"line":200,"column":7}},{"start":{"line":200,"column":7},"end":{"line":200,"column":7}}]},"21":{"line":213,"type":"if","locations":[{"start":{"line":213,"column":2},"end":{"line":213,"column":2}},{"start":{"line":213,"column":2},"end":{"line":213,"column":2}}]},"22":{"line":213,"type":"binary-expr","locations":[{"start":{"line":213,"column":6},"end":{"line":213,"column":13}},{"start":{"line":213,"column":17},"end":{"line":213,"column":27}}]},"23":{"line":216,"type":"if","locations":[{"start":{"line":216,"column":4},"end":{"line":216,"column":4}},{"start":{"line":216,"column":4},"end":{"line":216,"column":4}}]},"24":{"line":219,"type":"if","locations":[{"start":{"line":219,"column":5},"end":{"line":219,"column":5}},{"start":{"line":219,"column":5},"end":{"line":219,"column":5}}]},"25":{"line":239,"type":"if","locations":[{"start":{"line":239,"column":1},"end":{"line":239,"column":1}},{"start":{"line":239,"column":1},"end":{"line":239,"column":1}}]},"26":{"line":244,"type":"if","locations":[{"start":{"line":244,"column":8},"end":{"line":244,"column":8}},{"start":{"line":244,"column":8},"end":{"line":244,"column":8}}]},"27":{"line":260,"type":"if","locations":[{"start":{"line":260,"column":1},"end":{"line":260,"column":1}},{"start":{"line":260,"column":1},"end":{"line":260,"column":1}}]},"28":{"line":263,"type":"if","locations":[{"start":{"line":263,"column":8},"end":{"line":263,"column":8}},{"start":{"line":263,"column":8},"end":{"line":263,"column":8}}]},"29":{"line":268,"type":"if","locations":[{"start":{"line":268,"column":1},"end":{"line":268,"column":1}},{"start":{"line":268,"column":1},"end":{"line":268,"column":1}}]},"30":{"line":274,"type":"if","locations":[{"start":{"line":274,"column":3},"end":{"line":274,"column":3}},{"start":{"line":274,"column":3},"end":{"line":274,"column":3}}]},"31":{"line":279,"type":"if","locations":[{"start":{"line":279,"column":3},"end":{"line":279,"column":3}},{"start":{"line":279,"column":3},"end":{"line":279,"column":3}}]},"32":{"line":311,"type":"if","locations":[{"start":{"line":311,"column":3},"end":{"line":311,"column":3}},{"start":{"line":311,"column":3},"end":{"line":311,"column":3}}]},"33":{"line":321,"type":"if","locations":[{"start":{"line":321,"column":4},"end":{"line":321,"column":4}},{"start":{"line":321,"column":4},"end":{"line":321,"column":4}}]},"34":{"line":331,"type":"if","locations":[{"start":{"line":331,"column":1},"end":{"line":331,"column":1}},{"start":{"line":331,"column":1},"end":{"line":331,"column":1}}]}},"code":["var https = require('https'),","\thttp = require('http'),","\tfs = require('fs'),","\tutil = require('util'),","\tpath = require('path'),","\tmysql = require('mysql'),","\tchalk = require('chalk'),","\texec = require('child_process').exec,","\tEventEmitter = require('events').EventEmitter,","\twordpressRepo = \"git://github.com/WordPress/WordPress.git\";","","function getLanguage(contentDir, language, callback) {","\tvar files = {","\t\t'': '%s.mo',","\t\t'admin': 'admin-%s.mo',","\t\t'admin/network': 'admin-network-%s.mo',","\t\t'twentyeleven': path.join('themes', 'twentyeleven-%s.mo'),","\t\t'twentytwelve': path.join('themes', 'twentytwelve-%s.mo'),","\t\t'twentythirteen': path.join('themes', 'twentythirteen-%s.mo'),","\t\t'twentyfourteen': path.join('themes', 'twentyfourteen-%s.mo'),","\t};","","\tvar requested = complete = 0, errors = [];","\tfor (var file in files) {","\t\trequested++;","\t\tdownloadLanguageFile(language, file, 'mo', function(err, res) {","\t\t\tif (err) {","\t\t\t\treturn errors.push(err);","\t\t\t}","","\t\t\t// Pipe to  file","\t\t\tvar p = path.join(contentDir, 'languages', util.format(files[file], language));","\t\t\tvar f = fs.createWriteStream(p);","\t\t\tres.pipe(f);","","\t\t\t// Complete","\t\t\tres.on('end', function() {","\t\t\t\tcomplete++;","\t\t\t\tif (requested == complete) callback(errors.length ? null : errors);","\t\t\t});","\t\t});","\t}","","};","","function downloadLanguageFile(language, file, format, callback) {","\t// Build url with or without a file","\tif (file && file != '') {","\t\tvar url = util.format('/projects/wp/dev/%s/%s/default/export-translations?format=%s', file, language, format);","\t} else {","\t\tvar url = util.format('/projects/wp/dev/%s/default/export-translations?format=%s', language, format);","\t}","","\t// Make request","\thttp.get({","\t\thostname: 'translate.wordpress.org',","\t\tpath: url,","\t}, function(res) {","\t\t// Not found","\t\tif (res.statusCode == 404) {","\t\t\t// Retry with the language code with no region specifier","\t\t\tif (language.indexOf('_') !== -1) {","\t\t\t\t// es_ES => es","\t\t\t\tlanguage = language.split('_')[0];","\t\t\t\treturn downloadLanguageFile(language, file, format, callback);","\t\t\t}","\t\t\t// Not found","\t\t\treturn callback(res);","\t\t}","","\t\t// Success","\t\tcallback(null, res);","\t}).on('error', callback);","};","","function getSaltKeys(callback) {","\tvar ee = new EventEmitter(),","\t\tkeys = '';","\thttps.get(\"https://api.wordpress.org/secret-key/1.1/salt/\", function(res) {","\t\tres.on('data', function(d) {","\t\t\tkeys += d.toString();","\t\t}).on('end', function() {","\t\t\tee.emit('end', keys);","\t\t});","\t});","\tif (typeof callback === 'function') {","\t\tee.on('end', callback);","\t}","\treturn ee;","};","","function getCurrentVersion(callback) {","\tvar latestVersion = '3.8';","\trequire('simple-git')().listRemote('--tags '+ wordpressRepo, function(err, tagsList) {","\t\tif (err) return callback(err, latestVersion);","\t\ttagList = ('' + tagsList).split('\\n');","\t\ttagList.pop();","\t\tlastTag = /\\d\\.\\d(\\.\\d)?/ig.exec(tagList.pop());","\t\tif (lastTag !== null) {","\t\t\tlatestVersion = lastTag[0];","\t\t}","\t\tcallback(null, latestVersion);","\t});","};","","function loadConfig() {","\tvar ee = new EventEmitter();","","\tfunction readConfig(path) {","\t\tfs.readFile(path, {encoding:'utf8'}, function(err, contents) {","\t\t\tif (err) return ee.emit('error', err);","\t\t\tee.emit('done', contents);","\t\t});","\t}","","\tfs.exists('wp-config.php', function(exists) {","\t\tif (exists) {","\t\t\treadConfig('wp-config.php');","\t\t} else {","\t\t\tfs.exists('../wp-config.php', function(exists) {","\t\t\t\tif (exists) {","\t\t\t\t\treadConfig('../wp-config.php');","\t\t\t\t} else {","\t\t\t\t\tee.emit('error', 'Config file does not exist.');","\t\t\t\t}","\t\t\t});","\t\t}","\t});","","\treturn ee;","};","","function getDbCredentials() {","\tvar ee = new EventEmitter();","","\tloadConfig().on('done', function(contents) {","\t\tvar db    = {};","\t\tdb.name   = contents.match(/define\\([\"']DB_NAME[\"'],[\\s]*[\"'](.*)[\"']\\)/)[1];","\t\tdb.user   = contents.match(/define\\([\"']DB_USER[\"'],[\\s]*[\"'](.*)[\"']\\)/)[1];","\t\tdb.pass   = contents.match(/define\\([\"']DB_PASSWORD[\"'],[\\s]*[\"'](.*)[\"']\\)/)[1];","\t\tdb.host   = contents.match(/define\\([\"']DB_HOST[\"'],[\\s]*[\"'](.*)[\"']\\)/)[1];","\t\tdb.prefix = contents.match(/\\$table_prefix[\\s]*=[\\s]*[\"'](.*)[\"']/)[1];","","\t\tee.emit('done', db);","\t}).on('error', function(err) {","\t\tee.emit('error', err);","\t});","","\treturn ee;","};","","function createDBifNotExists(callback) {","\tvar ee = new EventEmitter();","","\tgetDbCredentials().on('done', function(db) {","","\t\tvar connection = mysql.createConnection({","\t\t\thost     : db.host,","\t\t\tuser     : db.user,","\t\t\tpassword : db.pass","\t\t});","","\t\tconnection.connect(function(err) {","\t\t\tif (err) return ee.emit('error', err);","","\t\t\tconnection.query('CREATE DATABASE IF NOT EXISTS ' + mysql.escapeId(db.name), function(err, rows, fields) {","\t\t\t\tif (err) return ee.emit('error', err);","\t\t\t\tconnection.end(function() {","\t\t\t\t\tee.emit('done');","\t\t\t\t});","\t\t\t});","","\t\t});","","\t}).on('error', function(err) {","\t\tee.emit('error', err);","\t});","","\tif (typeof callback === 'function') {","\t\tee.on('done', callback);","\t}","","\treturn ee;","};","","function getContentDir() {","\tvar ee = new EventEmitter();","","\tfunction checkSimpleContentLocations() {","\t\tfs.exists('wp-content', function(exists) {","\t\t\tif (exists) {","\t\t\t\tfs.realpath('wp-content', function(err, p) {","\t\t\t\t\tif (err) return ee.emit('error', err);","\t\t\t\t\tee.emit('done', path.relative('.', p));","\t\t\t\t});","\t\t\t} else {","\t\t\t\tfs.exists('content', function(exists) {","\t\t\t\t\tif (exists) {","\t\t\t\t\t\tfs.realpath('content', function(err, p) {","\t\t\t\t\t\t\tif (err) erroree.emit('error', err);","\t\t\t\t\t\t\tee.emit('done', path.relative('.', p));","\t\t\t\t\t\t});","\t\t\t\t\t} else {","\t\t\t\t\t\tee.emit('error', 'Cannot determine content directory.');","\t\t\t\t\t}","\t\t\t\t});","\t\t\t}","\t\t});","\t}","","\tloadConfig().on('done', function(contents) {","\t\tvar matches = contents.match(/define\\([\"']WP_CONTENT_DIR[\"'],[\\s]*(.*)\\)/);","\t\tif (matches && matches[1]) {","","\t\t\texec('php -r \"echo ' + matches[1] + ';\"', function(err, stdout) {","\t\t\t\tif (err) return checkSimpleContentLocations();","","\t\t\t\tfs.exists(stdout, function(exists) {","\t\t\t\t\tif (exists) {","\t\t\t\t\t\tee.emit('done', path.relative('.', stdout));","\t\t\t\t\t} else {","\t\t\t\t\t\tcheckSimpleContentLocations();","\t\t\t\t\t}","\t\t\t\t});","\t\t\t});","","\t\t} else {","\t\t\tcheckSimpleContentLocations();","\t\t}","\t}).on('error', function(err) {","\t\tcheckSimpleContentLocations();","\t});","","\treturn ee;","};","","function installTheme(generator, config, done) {","","\tif (config.themeType == 'git') {","\t\tgenerator.remote(config.themeUser, config.themeRepo, config.themeBranch, function(err, remote) {","\t\t\tremote.directory('.', path.join(config.contentDir, 'themes', config.themeDir));","\t\t\tdone();","\t\t}, config.refreshRemote);","\t} else if (config.themeType == 'tar') {","\t\tgenerator.tarball(config.themeTarballUrl, path.join(config.contentDir, 'themes', config.themeDir), done);","\t}","","};","","function setupTheme(generator, config, done) {","\t","\tconsole.log(chalk.green('Setting Up Theme'));","","\tvar themePath = path.join(config.contentDir, 'themes', config.themeDir),","\t\tthemePackageJson = path.join(themePath, 'package.json');","","\tvar themeTaskFile = '',","\t\tthemeTaskCmd = '';","","\tif (config.themeTaskRunner == 'grunt') {","\t\tthemeTaskFile = 'Gruntfile.js',","\t\tthemeTaskCmd = 'grunt';","\t} else if (config.themeTaskRunner == 'gulp') {","\t\tthemeTaskFile = 'gulpfile.js',","\t\tthemeTaskCmd = 'gulp';","\t}","","\tif (fs.existsSync(themePackageJson)) {","\t\tvar oldDir = process.cwd();","\t\tprocess.chdir(themePath);","\t\tconsole.log(chalk.green('Installing Node Packages (be patient)'));","","\t\texec('npm install', function(err, stdout, stderr) {","\t\t\tif (err) {","\t\t\t\tconsole.error('Error installing packages', err, stdout, stderr);","\t\t\t\treturn done();","\t\t\t}","","\t\t\tif (fs.existsSync(themeTaskFile)) {","\t\t\t\texec(themeTaskCmd + ' setup', function(err) {","\t\t\t\t\tconsole.log(chalk.green('Theme setup!'));","\t\t\t\t\tprocess.chdir(oldDir);","\t\t\t\t\tdone();","\t\t\t\t});","\t\t\t} else {","\t\t\t\tconsole.log(chalk.red(themeTaskFile + ' missing!'));","\t\t\t\tprocess.chdir(oldDir);","\t\t\t\tdone();","\t\t\t}","\t\t});","\t} else {","\t\tconsole.log(chalk.red('package.json missing!'));","\t\tdone();","\t}","","};","","function activateTheme(themeName, callback) {","\tvar ee = new EventEmitter();","","\tgetDbCredentials().on('done', function(db) {","","\t\tvar connection = mysql.createConnection({","\t\t\thost     : db.host,","\t\t\tuser     : db.user,","\t\t\tpassword : db.pass,","\t\t\tdatabase : db.name","\t\t});","","\t\tconnection.connect(function(err) {","\t\t\tif (err) return ee.emit('error', err);","","\t\t\tvar q = [","\t\t\t\t\"UPDATE \" + db.prefix + \"options\",","\t\t\t\t\"SET option_value =  \"+ mysql.escape(themeName),","\t\t\t\t\"WHERE option_name = 'template'\",","\t\t\t\t\"OR option_name = 'stylesheet'\"\t","\t\t\t].join('\\n');","","\t\t\tconnection.query(q, function(err, rows, fields) {","\t\t\t\tif (err) return ee.emit('error', err);","\t\t\t\tconnection.end(function() {","\t\t\t\t\tee.emit('done');","\t\t\t\t});","\t\t\t});","","\t\t});","","\t});","","\tif (typeof callback === 'function') {","\t\tee.on('done', callback);","\t}","","\treturn ee;","};","","module.exports = {","\trepo : wordpressRepo,","\tgetSaltKeys : getSaltKeys,","\tgetCurrentVersion : getCurrentVersion,","\tgetDbCredentials : getDbCredentials,","\tcreateDBifNotExists : createDBifNotExists,","\tloadConfig : loadConfig,","\tgetContentDir : getContentDir,","\tinstallTheme : installTheme,","\tsetupTheme : setupTheme,","\tactivateTheme : activateTheme,","\tdownloadLanguageFile: downloadLanguageFile,","\tgetLanguage: getLanguage,","};",""],"l":{"1":1,"12":1,"13":0,"23":0,"24":0,"25":0,"26":0,"27":0,"28":0,"32":0,"33":0,"34":0,"37":0,"38":0,"39":0,"46":1,"48":0,"49":0,"51":0,"55":0,"60":0,"62":0,"64":0,"65":0,"68":0,"72":0,"76":1,"77":0,"79":0,"80":0,"81":0,"83":0,"86":0,"87":0,"89":0,"92":1,"93":0,"94":0,"95":0,"96":0,"97":0,"98":0,"99":0,"100":0,"102":0,"106":1,"107":0,"109":1,"110":0,"111":0,"112":0,"116":0,"117":0,"118":0,"120":0,"121":0,"122":0,"124":0,"130":0,"133":1,"134":0,"136":0,"137":0,"138":0,"139":0,"140":0,"141":0,"142":0,"144":0,"146":0,"149":0,"152":1,"153":0,"155":0,"157":0,"163":0,"164":0,"166":0,"167":0,"168":0,"169":0,"176":0,"179":0,"180":0,"183":0,"186":1,"187":0,"189":1,"190":0,"191":0,"192":0,"193":0,"194":0,"197":0,"198":0,"199":0,"200":0,"201":0,"204":0,"211":0,"212":0,"213":0,"215":0,"216":0,"218":0,"219":0,"220":0,"222":0,"228":0,"231":0,"234":0,"237":1,"239":0,"240":0,"241":0,"242":0,"244":0,"245":0,"250":1,"252":0,"254":0,"257":0,"260":0,"261":0,"263":0,"264":0,"268":0,"269":0,"270":0,"271":0,"273":0,"274":0,"275":0,"276":0,"279":0,"280":0,"281":0,"282":0,"283":0,"286":0,"287":0,"288":0,"292":0,"293":0,"298":1,"299":0,"301":0,"303":0,"310":0,"311":0,"313":0,"320":0,"321":0,"322":0,"323":0,"331":0,"332":0,"335":0,"338":1}}}